{"/Users/ivanalessandro/Downloads/facturacion-api/src/app.module.ts": {"path":"/Users/ivanalessandro/Downloads/facturacion-api/src/app.module.ts","statementMap":{"0":{"start":{"line":1,"column":0},"end":{"line":1,"column":40}},"1":{"start":{"line":2,"column":0},"end":{"line":2,"column":46}},"2":{"start":{"line":3,"column":0},"end":{"line":3,"column":59}},"3":{"start":{"line":4,"column":0},"end":{"line":4,"column":48}},"4":{"start":{"line":5,"column":0},"end":{"line":5,"column":48}},"5":{"start":{"line":6,"column":0},"end":{"line":6,"column":60}},"6":{"start":{"line":7,"column":0},"end":{"line":7,"column":60}},"7":{"start":{"line":8,"column":0},"end":{"line":8,"column":72}},"8":{"start":{"line":9,"column":0},"end":{"line":9,"column":59}},"9":{"start":{"line":10,"column":0},"end":{"line":10,"column":60}},"10":{"start":{"line":11,"column":0},"end":{"line":11,"column":74}},"11":{"start":{"line":12,"column":0},"end":{"line":12,"column":51}},"12":{"start":{"line":13,"column":0},"end":{"line":13,"column":60}},"13":{"start":{"line":14,"column":0},"end":{"line":14,"column":54}},"14":{"start":{"line":32,"column":7},"end":{"line":32,"column":null}},"15":{"start":{"line":32,"column":13},"end":{"line":32,"column":22}},"16":{"start":{"line":32,"column":13},"end":{"line":32,"column":null}}},"fnMap":{},"branchMap":{},"s":{"0":5,"1":5,"2":5,"3":5,"4":5,"5":5,"6":5,"7":5,"8":5,"9":5,"10":5,"11":5,"12":5,"13":5,"14":5,"15":5,"16":5},"f":{},"b":{}}
,"/Users/ivanalessandro/Downloads/facturacion-api/src/auth/auth.controller.ts": {"path":"/Users/ivanalessandro/Downloads/facturacion-api/src/auth/auth.controller.ts","statementMap":{"0":{"start":{"line":1,"column":0},"end":{"line":1,"column":66}},"1":{"start":{"line":2,"column":0},"end":{"line":2,"column":56}},"2":{"start":{"line":3,"column":0},"end":{"line":3,"column":45}},"3":{"start":{"line":4,"column":0},"end":{"line":4,"column":43}},"4":{"start":{"line":5,"column":0},"end":{"line":5,"column":49}},"5":{"start":{"line":9,"column":7},"end":{"line":24,"column":null}},"6":{"start":{"line":10,"column":31},"end":{"line":10,"column":44}},"7":{"start":{"line":15,"column":4},"end":{"line":15,"column":42}},"8":{"start":{"line":22,"column":4},"end":{"line":22,"column":39}},"9":{"start":{"line":9,"column":13},"end":{"line":9,"column":27}},"10":{"start":{"line":14,"column":2},"end":{"line":16,"column":null}},"11":{"start":{"line":21,"column":2},"end":{"line":23,"column":null}},"12":{"start":{"line":9,"column":13},"end":{"line":24,"column":null}}},"fnMap":{"0":{"name":"(anonymous_4)","decl":{"start":{"line":10,"column":2},"end":{"line":10,"column":31}},"loc":{"start":{"line":10,"column":55},"end":{"line":10,"column":59}}},"1":{"name":"(anonymous_5)","decl":{"start":{"line":14,"column":2},"end":{"line":14,"column":10}},"loc":{"start":{"line":14,"column":35},"end":{"line":16,"column":3}}},"2":{"name":"(anonymous_6)","decl":{"start":{"line":21,"column":2},"end":{"line":21,"column":7}},"loc":{"start":{"line":21,"column":29},"end":{"line":23,"column":3}}}},"branchMap":{},"s":{"0":5,"1":5,"2":5,"3":5,"4":5,"5":5,"6":5,"7":3,"8":4,"9":5,"10":5,"11":5,"12":5},"f":{"0":5,"1":3,"2":4},"b":{}}
,"/Users/ivanalessandro/Downloads/facturacion-api/src/auth/auth.module.ts": {"path":"/Users/ivanalessandro/Downloads/facturacion-api/src/auth/auth.module.ts","statementMap":{"0":{"start":{"line":1,"column":0},"end":{"line":1,"column":40}},"1":{"start":{"line":2,"column":0},"end":{"line":2,"column":40}},"2":{"start":{"line":3,"column":0},"end":{"line":3,"column":48}},"3":{"start":{"line":4,"column":0},"end":{"line":4,"column":53}},"4":{"start":{"line":5,"column":0},"end":{"line":5,"column":51}},"5":{"start":{"line":6,"column":0},"end":{"line":6,"column":45}},"6":{"start":{"line":20,"column":7},"end":{"line":20,"column":null}},"7":{"start":{"line":20,"column":13},"end":{"line":20,"column":23}},"8":{"start":{"line":20,"column":13},"end":{"line":20,"column":null}}},"fnMap":{},"branchMap":{"0":{"loc":{"start":{"line":13,"column":14},"end":{"line":13,"column":56}},"type":"binary-expr","locations":[{"start":{"line":13,"column":14},"end":{"line":13,"column":36}},{"start":{"line":13,"column":40},"end":{"line":13,"column":56}}]}},"s":{"0":5,"1":5,"2":5,"3":5,"4":5,"5":5,"6":5,"7":5,"8":5},"f":{},"b":{"0":[5,0]}}
,"/Users/ivanalessandro/Downloads/facturacion-api/src/auth/auth.service.ts": {"path":"/Users/ivanalessandro/Downloads/facturacion-api/src/auth/auth.service.ts","statementMap":{"0":{"start":{"line":1,"column":0},"end":{"line":1,"column":86}},"1":{"start":{"line":2,"column":0},"end":{"line":2,"column":41}},"2":{"start":{"line":3,"column":0},"end":{"line":3,"column":51}},"3":{"start":{"line":4,"column":0},"end":{"line":4,"column":35}},"4":{"start":{"line":5,"column":0},"end":{"line":5,"column":37}},"5":{"start":{"line":6,"column":0},"end":{"line":6,"column":53}},"6":{"start":{"line":11,"column":7},"end":{"line":40,"column":null}},"7":{"start":{"line":13,"column":48},"end":{"line":13,"column":62}},"8":{"start":{"line":14,"column":21},"end":{"line":14,"column":33}},"9":{"start":{"line":18,"column":22},"end":{"line":18,"column":77}},"10":{"start":{"line":19,"column":4},"end":{"line":19,"column":79}},"11":{"start":{"line":19,"column":19},"end":{"line":19,"column":79}},"12":{"start":{"line":21,"column":26},"end":{"line":21,"column":57}},"13":{"start":{"line":22,"column":20},"end":{"line":27,"column":6}},"14":{"start":{"line":28,"column":21},"end":{"line":28,"column":58}},"15":{"start":{"line":29,"column":4},"end":{"line":29,"column":98}},"16":{"start":{"line":33,"column":20},"end":{"line":33,"column":75}},"17":{"start":{"line":34,"column":4},"end":{"line":36,"column":5}},"18":{"start":{"line":35,"column":6},"end":{"line":35,"column":64}},"19":{"start":{"line":37,"column":20},"end":{"line":37,"column":103}},"20":{"start":{"line":38,"column":4},"end":{"line":38,"column":77}},"21":{"start":{"line":11,"column":13},"end":{"line":11,"column":24}},"22":{"start":{"line":11,"column":13},"end":{"line":40,"column":null}}},"fnMap":{"0":{"name":"(anonymous_13)","decl":{"start":{"line":12,"column":2},"end":{"line":12,"column":null}},"loc":{"start":{"line":14,"column":43},"end":{"line":15,"column":6}}},"1":{"name":"(anonymous_14)","decl":{"start":{"line":17,"column":2},"end":{"line":17,"column":7}},"loc":{"start":{"line":17,"column":33},"end":{"line":30,"column":3}}},"2":{"name":"(anonymous_15)","decl":{"start":{"line":32,"column":2},"end":{"line":32,"column":7}},"loc":{"start":{"line":32,"column":27},"end":{"line":39,"column":3}}}},"branchMap":{"0":{"loc":{"start":{"line":19,"column":4},"end":{"line":19,"column":79}},"type":"if","locations":[{"start":{"line":19,"column":4},"end":{"line":19,"column":79}}]},"1":{"loc":{"start":{"line":26,"column":11},"end":{"line":26,"column":51}},"type":"cond-expr","locations":[{"start":{"line":26,"column":33},"end":{"line":26,"column":40}},{"start":{"line":26,"column":43},"end":{"line":26,"column":51}}]},"2":{"loc":{"start":{"line":34,"column":4},"end":{"line":36,"column":5}},"type":"if","locations":[{"start":{"line":34,"column":4},"end":{"line":36,"column":5}}]},"3":{"loc":{"start":{"line":34,"column":8},"end":{"line":34,"column":71}},"type":"binary-expr","locations":[{"start":{"line":34,"column":8},"end":{"line":34,"column":16}},{"start":{"line":34,"column":20},"end":{"line":34,"column":71}}]}},"s":{"0":5,"1":5,"2":5,"3":5,"4":5,"5":5,"6":5,"7":5,"8":5,"9":6,"10":6,"11":1,"12":5,"13":5,"14":5,"15":5,"16":7,"17":7,"18":3,"19":4,"20":4,"21":5,"22":5},"f":{"0":5,"1":6,"2":7},"b":{"0":[1],"1":[3,2],"2":[3],"3":[7,6]}}
,"/Users/ivanalessandro/Downloads/facturacion-api/src/auth/dto/login.dto.ts": {"path":"/Users/ivanalessandro/Downloads/facturacion-api/src/auth/dto/login.dto.ts","statementMap":{"0":{"start":{"line":1,"column":0},"end":{"line":1,"column":46}},"1":{"start":{"line":2,"column":0},"end":{"line":2,"column":52}},"2":{"start":{"line":4,"column":0},"end":{"line":4,"column":13}},"3":{"start":{"line":7,"column":2},"end":{"line":7,"column":null}},"4":{"start":{"line":11,"column":2},"end":{"line":11,"column":null}}},"fnMap":{},"branchMap":{},"s":{"0":5,"1":5,"2":5,"3":5,"4":5},"f":{},"b":{}}
,"/Users/ivanalessandro/Downloads/facturacion-api/src/auth/dto/register.dto.ts": {"path":"/Users/ivanalessandro/Downloads/facturacion-api/src/auth/dto/register.dto.ts","statementMap":{"0":{"start":{"line":1,"column":0},"end":{"line":1,"column":46}},"1":{"start":{"line":2,"column":0},"end":{"line":2,"column":75}},"2":{"start":{"line":4,"column":0},"end":{"line":4,"column":13}},"3":{"start":{"line":7,"column":2},"end":{"line":7,"column":null}},"4":{"start":{"line":12,"column":2},"end":{"line":12,"column":null}},"5":{"start":{"line":17,"column":2},"end":{"line":17,"column":null}}},"fnMap":{},"branchMap":{},"s":{"0":5,"1":5,"2":5,"3":5,"4":5,"5":5},"f":{},"b":{}}
,"/Users/ivanalessandro/Downloads/facturacion-api/src/bitacora/bitacora.controller.ts": {"path":"/Users/ivanalessandro/Downloads/facturacion-api/src/bitacora/bitacora.controller.ts","statementMap":{"0":{"start":{"line":1,"column":0},"end":{"line":1,"column":67}},"1":{"start":{"line":2,"column":0},"end":{"line":2,"column":81}},"2":{"start":{"line":3,"column":0},"end":{"line":3,"column":51}},"3":{"start":{"line":4,"column":0},"end":{"line":4,"column":37}},"4":{"start":{"line":5,"column":0},"end":{"line":5,"column":61}},"5":{"start":{"line":6,"column":0},"end":{"line":6,"column":63}},"6":{"start":{"line":7,"column":0},"end":{"line":7,"column":58}},"7":{"start":{"line":8,"column":0},"end":{"line":8,"column":45}},"8":{"start":{"line":14,"column":7},"end":{"line":24,"column":null}},"9":{"start":{"line":15,"column":59},"end":{"line":15,"column":73}},"10":{"start":{"line":22,"column":4},"end":{"line":22,"column":99}},"11":{"start":{"line":14,"column":13},"end":{"line":14,"column":31}},"12":{"start":{"line":21,"column":2},"end":{"line":23,"column":null}},"13":{"start":{"line":14,"column":13},"end":{"line":24,"column":null}}},"fnMap":{"0":{"name":"(anonymous_4)","decl":{"start":{"line":15,"column":2},"end":{"line":15,"column":15}},"loc":{"start":{"line":15,"column":93},"end":{"line":15,"column":97}}},"1":{"name":"(anonymous_5)","decl":{"start":{"line":21,"column":2},"end":{"line":21,"column":8}},"loc":{"start":{"line":21,"column":43},"end":{"line":23,"column":3}}}},"branchMap":{"0":{"loc":{"start":{"line":22,"column":43},"end":{"line":22,"column":69}},"type":"cond-expr","locations":[{"start":{"line":22,"column":53},"end":{"line":22,"column":64}},{"start":{"line":22,"column":67},"end":{"line":22,"column":69}}]}},"s":{"0":5,"1":5,"2":5,"3":5,"4":5,"5":5,"6":5,"7":5,"8":5,"9":5,"10":1,"11":5,"12":5,"13":5},"f":{"0":5,"1":1},"b":{"0":[1,0]}}
,"/Users/ivanalessandro/Downloads/facturacion-api/src/bitacora/bitacora.entity.ts": {"path":"/Users/ivanalessandro/Downloads/facturacion-api/src/bitacora/bitacora.entity.ts","statementMap":{"0":{"start":{"line":1,"column":0},"end":{"line":1,"column":83}},"1":{"start":{"line":4,"column":7},"end":{"line":31,"column":null}},"2":{"start":{"line":4,"column":13},"end":{"line":4,"column":21}},"3":{"start":{"line":6,"column":2},"end":{"line":6,"column":null}},"4":{"start":{"line":9,"column":2},"end":{"line":9,"column":null}},"5":{"start":{"line":12,"column":2},"end":{"line":12,"column":null}},"6":{"start":{"line":15,"column":2},"end":{"line":15,"column":null}},"7":{"start":{"line":18,"column":2},"end":{"line":18,"column":null}},"8":{"start":{"line":21,"column":2},"end":{"line":21,"column":null}},"9":{"start":{"line":24,"column":2},"end":{"line":24,"column":null}},"10":{"start":{"line":27,"column":2},"end":{"line":27,"column":null}},"11":{"start":{"line":30,"column":2},"end":{"line":30,"column":null}},"12":{"start":{"line":4,"column":13},"end":{"line":31,"column":null}}},"fnMap":{},"branchMap":{},"s":{"0":5,"1":5,"2":5,"3":5,"4":5,"5":5,"6":5,"7":5,"8":5,"9":5,"10":5,"11":5,"12":5},"f":{},"b":{}}
,"/Users/ivanalessandro/Downloads/facturacion-api/src/bitacora/bitacora.listener.ts": {"path":"/Users/ivanalessandro/Downloads/facturacion-api/src/bitacora/bitacora.listener.ts","statementMap":{"0":{"start":{"line":1,"column":0},"end":{"line":1,"column":44}},"1":{"start":{"line":2,"column":0},"end":{"line":2,"column":48}},"2":{"start":{"line":3,"column":0},"end":{"line":3,"column":51}},"3":{"start":{"line":4,"column":0},"end":{"line":4,"column":37}},"4":{"start":{"line":5,"column":0},"end":{"line":5,"column":45}},"5":{"start":{"line":18,"column":7},"end":{"line":25,"column":null}},"6":{"start":{"line":19,"column":59},"end":{"line":19,"column":73}},"7":{"start":{"line":23,"column":4},"end":{"line":23,"column":67}},"8":{"start":{"line":18,"column":13},"end":{"line":18,"column":29}},"9":{"start":{"line":22,"column":8},"end":{"line":24,"column":null}},"10":{"start":{"line":18,"column":13},"end":{"line":25,"column":null}}},"fnMap":{"0":{"name":"(anonymous_4)","decl":{"start":{"line":19,"column":2},"end":{"line":19,"column":15}},"loc":{"start":{"line":19,"column":93},"end":{"line":19,"column":97}}},"1":{"name":"(anonymous_5)","decl":{"start":{"line":22,"column":2},"end":{"line":22,"column":7}},"loc":{"start":{"line":22,"column":42},"end":{"line":24,"column":3}}}},"branchMap":{},"s":{"0":5,"1":5,"2":5,"3":5,"4":5,"5":5,"6":5,"7":30,"8":5,"9":5,"10":5},"f":{"0":5,"1":30},"b":{}}
,"/Users/ivanalessandro/Downloads/facturacion-api/src/bitacora/bitacora.module.ts": {"path":"/Users/ivanalessandro/Downloads/facturacion-api/src/bitacora/bitacora.module.ts","statementMap":{"0":{"start":{"line":1,"column":0},"end":{"line":1,"column":40}},"1":{"start":{"line":2,"column":0},"end":{"line":2,"column":48}},"2":{"start":{"line":3,"column":0},"end":{"line":3,"column":45}},"3":{"start":{"line":4,"column":0},"end":{"line":4,"column":59}},"4":{"start":{"line":5,"column":0},"end":{"line":5,"column":55}},"5":{"start":{"line":12,"column":7},"end":{"line":12,"column":null}},"6":{"start":{"line":12,"column":13},"end":{"line":12,"column":27}},"7":{"start":{"line":12,"column":13},"end":{"line":12,"column":null}}},"fnMap":{},"branchMap":{},"s":{"0":5,"1":5,"2":5,"3":5,"4":5,"5":5,"6":5,"7":5},"f":{},"b":{}}
,"/Users/ivanalessandro/Downloads/facturacion-api/src/clientes/cliente.entity.ts": {"path":"/Users/ivanalessandro/Downloads/facturacion-api/src/clientes/cliente.entity.ts","statementMap":{"0":{"start":{"line":1,"column":0},"end":{"line":1,"column":76}},"1":{"start":{"line":2,"column":0},"end":{"line":2,"column":53}},"2":{"start":{"line":5,"column":7},"end":{"line":32,"column":null}},"3":{"start":{"line":5,"column":13},"end":{"line":5,"column":20}},"4":{"start":{"line":7,"column":2},"end":{"line":7,"column":null}},"5":{"start":{"line":10,"column":2},"end":{"line":10,"column":null}},"6":{"start":{"line":13,"column":2},"end":{"line":13,"column":null}},"7":{"start":{"line":16,"column":2},"end":{"line":16,"column":null}},"8":{"start":{"line":19,"column":2},"end":{"line":19,"column":null}},"9":{"start":{"line":22,"column":2},"end":{"line":22,"column":null}},"10":{"start":{"line":25,"column":2},"end":{"line":25,"column":null}},"11":{"start":{"line":28,"column":2},"end":{"line":28,"column":null}},"12":{"start":{"line":31,"column":2},"end":{"line":31,"column":null}},"13":{"start":{"line":30,"column":19},"end":{"line":30,"column":26}},"14":{"start":{"line":30,"column":41},"end":{"line":30,"column":56}},"15":{"start":{"line":5,"column":13},"end":{"line":32,"column":null}}},"fnMap":{"0":{"name":"(anonymous_2)","decl":{"start":{"line":30,"column":13},"end":{"line":30,"column":16}},"loc":{"start":{"line":30,"column":19},"end":{"line":30,"column":26}}},"1":{"name":"(anonymous_3)","decl":{"start":{"line":30,"column":28},"end":{"line":30,"column":29}},"loc":{"start":{"line":30,"column":41},"end":{"line":30,"column":56}}}},"branchMap":{},"s":{"0":5,"1":5,"2":5,"3":5,"4":5,"5":5,"6":5,"7":5,"8":5,"9":5,"10":5,"11":5,"12":5,"13":5,"14":5,"15":5},"f":{"0":5,"1":5},"b":{}}
,"/Users/ivanalessandro/Downloads/facturacion-api/src/clientes/clientes.controller.ts": {"path":"/Users/ivanalessandro/Downloads/facturacion-api/src/clientes/clientes.controller.ts","statementMap":{"0":{"start":{"line":1,"column":0},"end":{"line":1,"column":108}},"1":{"start":{"line":2,"column":0},"end":{"line":2,"column":71}},"2":{"start":{"line":3,"column":0},"end":{"line":3,"column":61}},"3":{"start":{"line":4,"column":0},"end":{"line":4,"column":63}},"4":{"start":{"line":5,"column":0},"end":{"line":5,"column":58}},"5":{"start":{"line":6,"column":0},"end":{"line":6,"column":53}},"6":{"start":{"line":7,"column":0},"end":{"line":7,"column":60}},"7":{"start":{"line":8,"column":0},"end":{"line":8,"column":60}},"8":{"start":{"line":14,"column":7},"end":{"line":47,"column":null}},"9":{"start":{"line":15,"column":31},"end":{"line":15,"column":48}},"10":{"start":{"line":20,"column":4},"end":{"line":20,"column":43}},"11":{"start":{"line":26,"column":4},"end":{"line":26,"column":41}},"12":{"start":{"line":32,"column":4},"end":{"line":32,"column":44}},"13":{"start":{"line":38,"column":4},"end":{"line":38,"column":52}},"14":{"start":{"line":45,"column":4},"end":{"line":45,"column":45}},"15":{"start":{"line":14,"column":13},"end":{"line":14,"column":31}},"16":{"start":{"line":19,"column":2},"end":{"line":21,"column":null}},"17":{"start":{"line":25,"column":2},"end":{"line":27,"column":null}},"18":{"start":{"line":31,"column":2},"end":{"line":33,"column":null}},"19":{"start":{"line":37,"column":2},"end":{"line":39,"column":null}},"20":{"start":{"line":44,"column":2},"end":{"line":46,"column":null}},"21":{"start":{"line":14,"column":13},"end":{"line":47,"column":null}}},"fnMap":{"0":{"name":"(anonymous_4)","decl":{"start":{"line":15,"column":2},"end":{"line":15,"column":31}},"loc":{"start":{"line":15,"column":63},"end":{"line":15,"column":67}}},"1":{"name":"(anonymous_5)","decl":{"start":{"line":19,"column":2},"end":{"line":19,"column":7}},"loc":{"start":{"line":19,"column":37},"end":{"line":21,"column":3}}},"2":{"name":"(anonymous_6)","decl":{"start":{"line":25,"column":2},"end":{"line":25,"column":8}},"loc":{"start":{"line":25,"column":8},"end":{"line":27,"column":3}}},"3":{"name":"(anonymous_7)","decl":{"start":{"line":31,"column":2},"end":{"line":31,"column":9}},"loc":{"start":{"line":31,"column":47},"end":{"line":33,"column":3}}},"4":{"name":"(anonymous_8)","decl":{"start":{"line":37,"column":2},"end":{"line":37,"column":12}},"loc":{"start":{"line":37,"column":81},"end":{"line":39,"column":3}}},"5":{"name":"(anonymous_9)","decl":{"start":{"line":44,"column":2},"end":{"line":44,"column":10}},"loc":{"start":{"line":44,"column":48},"end":{"line":46,"column":3}}}},"branchMap":{},"s":{"0":5,"1":5,"2":5,"3":5,"4":5,"5":5,"6":5,"7":5,"8":5,"9":5,"10":5,"11":2,"12":2,"13":2,"14":1,"15":5,"16":5,"17":5,"18":5,"19":5,"20":5,"21":5},"f":{"0":5,"1":5,"2":2,"3":2,"4":2,"5":1},"b":{}}
,"/Users/ivanalessandro/Downloads/facturacion-api/src/clientes/clientes.module.ts": {"path":"/Users/ivanalessandro/Downloads/facturacion-api/src/clientes/clientes.module.ts","statementMap":{"0":{"start":{"line":1,"column":0},"end":{"line":1,"column":40}},"1":{"start":{"line":2,"column":0},"end":{"line":2,"column":48}},"2":{"start":{"line":3,"column":0},"end":{"line":3,"column":43}},"3":{"start":{"line":4,"column":0},"end":{"line":4,"column":59}},"4":{"start":{"line":5,"column":0},"end":{"line":5,"column":53}},"5":{"start":{"line":13,"column":7},"end":{"line":13,"column":null}},"6":{"start":{"line":13,"column":13},"end":{"line":13,"column":27}},"7":{"start":{"line":13,"column":13},"end":{"line":13,"column":null}}},"fnMap":{},"branchMap":{},"s":{"0":5,"1":5,"2":5,"3":5,"4":5,"5":5,"6":5,"7":5},"f":{},"b":{}}
,"/Users/ivanalessandro/Downloads/facturacion-api/src/clientes/clientes.service.ts": {"path":"/Users/ivanalessandro/Downloads/facturacion-api/src/clientes/clientes.service.ts","statementMap":{"0":{"start":{"line":1,"column":0},"end":{"line":1,"column":82}},"1":{"start":{"line":2,"column":0},"end":{"line":2,"column":51}},"2":{"start":{"line":3,"column":0},"end":{"line":3,"column":37}},"3":{"start":{"line":4,"column":0},"end":{"line":4,"column":43}},"4":{"start":{"line":9,"column":7},"end":{"line":44,"column":null}},"5":{"start":{"line":10,"column":58},"end":{"line":10,"column":72}},"6":{"start":{"line":13,"column":22},"end":{"line":13,"column":73}},"7":{"start":{"line":14,"column":4},"end":{"line":14,"column":83}},"8":{"start":{"line":14,"column":19},"end":{"line":14,"column":83}},"9":{"start":{"line":15,"column":4},"end":{"line":15,"column":65}},"10":{"start":{"line":19,"column":4},"end":{"line":19,"column":63}},"11":{"start":{"line":23,"column":20},"end":{"line":23,"column":61}},"12":{"start":{"line":24,"column":4},"end":{"line":24,"column":71}},"13":{"start":{"line":24,"column":18},"end":{"line":24,"column":71}},"14":{"start":{"line":25,"column":4},"end":{"line":25,"column":19}},"15":{"start":{"line":29,"column":20},"end":{"line":29,"column":42}},"16":{"start":{"line":30,"column":4},"end":{"line":33,"column":5}},"17":{"start":{"line":31,"column":24},"end":{"line":31,"column":75}},"18":{"start":{"line":32,"column":6},"end":{"line":32,"column":85}},"19":{"start":{"line":32,"column":21},"end":{"line":32,"column":85}},"20":{"start":{"line":34,"column":4},"end":{"line":34,"column":32}},"21":{"start":{"line":35,"column":4},"end":{"line":35,"column":43}},"22":{"start":{"line":39,"column":20},"end":{"line":39,"column":42}},"23":{"start":{"line":40,"column":4},"end":{"line":40,"column":27}},"24":{"start":{"line":41,"column":4},"end":{"line":41,"column":42}},"25":{"start":{"line":42,"column":4},"end":{"line":42,"column":50}},"26":{"start":{"line":9,"column":13},"end":{"line":9,"column":28}},"27":{"start":{"line":9,"column":13},"end":{"line":44,"column":null}}},"fnMap":{"0":{"name":"(anonymous_4)","decl":{"start":{"line":10,"column":2},"end":{"line":10,"column":15}},"loc":{"start":{"line":10,"column":91},"end":{"line":10,"column":95}}},"1":{"name":"(anonymous_5)","decl":{"start":{"line":12,"column":2},"end":{"line":12,"column":7}},"loc":{"start":{"line":12,"column":35},"end":{"line":16,"column":3}}},"2":{"name":"(anonymous_6)","decl":{"start":{"line":18,"column":2},"end":{"line":18,"column":8}},"loc":{"start":{"line":18,"column":8},"end":{"line":20,"column":3}}},"3":{"name":"(anonymous_7)","decl":{"start":{"line":22,"column":2},"end":{"line":22,"column":7}},"loc":{"start":{"line":22,"column":26},"end":{"line":26,"column":3}}},"4":{"name":"(anonymous_8)","decl":{"start":{"line":28,"column":2},"end":{"line":28,"column":7}},"loc":{"start":{"line":28,"column":52},"end":{"line":36,"column":3}}},"5":{"name":"(anonymous_9)","decl":{"start":{"line":38,"column":2},"end":{"line":38,"column":7}},"loc":{"start":{"line":38,"column":27},"end":{"line":43,"column":3}}}},"branchMap":{"0":{"loc":{"start":{"line":14,"column":4},"end":{"line":14,"column":83}},"type":"if","locations":[{"start":{"line":14,"column":4},"end":{"line":14,"column":83}}]},"1":{"loc":{"start":{"line":24,"column":4},"end":{"line":24,"column":71}},"type":"if","locations":[{"start":{"line":24,"column":4},"end":{"line":24,"column":71}}]},"2":{"loc":{"start":{"line":30,"column":4},"end":{"line":33,"column":5}},"type":"if","locations":[{"start":{"line":30,"column":4},"end":{"line":33,"column":5}}]},"3":{"loc":{"start":{"line":30,"column":8},"end":{"line":30,"column":42}},"type":"binary-expr","locations":[{"start":{"line":30,"column":8},"end":{"line":30,"column":15}},{"start":{"line":30,"column":19},"end":{"line":30,"column":42}}]},"4":{"loc":{"start":{"line":32,"column":6},"end":{"line":32,"column":85}},"type":"if","locations":[{"start":{"line":32,"column":6},"end":{"line":32,"column":85}}]}},"s":{"0":5,"1":5,"2":5,"3":5,"4":5,"5":5,"6":7,"7":7,"8":1,"9":6,"10":2,"11":5,"12":5,"13":1,"14":4,"15":2,"16":2,"17":1,"18":1,"19":1,"20":1,"21":1,"22":1,"23":1,"24":1,"25":1,"26":5,"27":5},"f":{"0":5,"1":7,"2":2,"3":5,"4":2,"5":1},"b":{"0":[1],"1":[1],"2":[1],"3":[2,1],"4":[1]}}
,"/Users/ivanalessandro/Downloads/facturacion-api/src/clientes/dto/create-cliente.dto.ts": {"path":"/Users/ivanalessandro/Downloads/facturacion-api/src/clientes/dto/create-cliente.dto.ts","statementMap":{"0":{"start":{"line":1,"column":0},"end":{"line":1,"column":67}},"1":{"start":{"line":2,"column":0},"end":{"line":2,"column":85}},"2":{"start":{"line":4,"column":0},"end":{"line":4,"column":13}},"3":{"start":{"line":8,"column":2},"end":{"line":8,"column":null}},"4":{"start":{"line":12,"column":2},"end":{"line":12,"column":null}},"5":{"start":{"line":17,"column":2},"end":{"line":17,"column":null}},"6":{"start":{"line":22,"column":2},"end":{"line":22,"column":null}},"7":{"start":{"line":27,"column":2},"end":{"line":27,"column":null}},"8":{"start":{"line":32,"column":2},"end":{"line":32,"column":null}}},"fnMap":{},"branchMap":{},"s":{"0":5,"1":5,"2":5,"3":5,"4":5,"5":5,"6":5,"7":5,"8":5},"f":{},"b":{}}
,"/Users/ivanalessandro/Downloads/facturacion-api/src/clientes/dto/update-cliente.dto.ts": {"path":"/Users/ivanalessandro/Downloads/facturacion-api/src/clientes/dto/update-cliente.dto.ts","statementMap":{"0":{"start":{"line":1,"column":0},"end":{"line":1,"column":46}},"1":{"start":{"line":2,"column":0},"end":{"line":2,"column":56}},"2":{"start":{"line":4,"column":0},"end":{"line":4,"column":13}}},"fnMap":{},"branchMap":{},"s":{"0":5,"1":5,"2":5},"f":{},"b":{}}
,"/Users/ivanalessandro/Downloads/facturacion-api/src/common/decorators/roles.decorator.ts": {"path":"/Users/ivanalessandro/Downloads/facturacion-api/src/common/decorators/roles.decorator.ts","statementMap":{"0":{"start":{"line":1,"column":0},"end":{"line":1,"column":45}},"1":{"start":{"line":3,"column":13},"end":{"line":3,"column":33}},"2":{"start":{"line":4,"column":21},"end":{"line":4,"column":74}},"3":{"start":{"line":4,"column":45},"end":{"line":4,"column":74}},"4":{"start":{"line":4,"column":13},"end":{"line":4,"column":21}}},"fnMap":{"0":{"name":"(anonymous_0)","decl":{"start":{"line":4,"column":21},"end":{"line":4,"column":22}},"loc":{"start":{"line":4,"column":45},"end":{"line":4,"column":74}}}},"branchMap":{},"s":{"0":5,"1":5,"2":5,"3":20,"4":5},"f":{"0":20},"b":{}}
,"/Users/ivanalessandro/Downloads/facturacion-api/src/common/decorators/usuario-actual.decorator.ts": {"path":"/Users/ivanalessandro/Downloads/facturacion-api/src/common/decorators/usuario-actual.decorator.ts","statementMap":{"0":{"start":{"line":1,"column":0},"end":{"line":1,"column":72}},"1":{"start":{"line":3,"column":13},"end":{"line":5,"column":3}},"2":{"start":{"line":4,"column":2},"end":{"line":4,"column":46}}},"fnMap":{"0":{"name":"(anonymous_0)","decl":{"start":{"line":3,"column":50},"end":{"line":3,"column":51}},"loc":{"start":{"line":3,"column":92},"end":{"line":5,"column":1}}}},"branchMap":{},"s":{"0":5,"1":5,"2":14},"f":{"0":14},"b":{}}
,"/Users/ivanalessandro/Downloads/facturacion-api/src/common/guards/jwt-auth.guard.ts": {"path":"/Users/ivanalessandro/Downloads/facturacion-api/src/common/guards/jwt-auth.guard.ts","statementMap":{"0":{"start":{"line":1,"column":0},"end":{"line":1,"column":98}},"1":{"start":{"line":2,"column":0},"end":{"line":2,"column":41}},"2":{"start":{"line":5,"column":7},"end":{"line":21,"column":null}},"3":{"start":{"line":6,"column":31},"end":{"line":6,"column":43}},"4":{"start":{"line":9,"column":20},"end":{"line":9,"column":55}},"5":{"start":{"line":10,"column":31},"end":{"line":10,"column":66}},"6":{"start":{"line":11,"column":4},"end":{"line":13,"column":5}},"7":{"start":{"line":12,"column":6},"end":{"line":12,"column":76}},"8":{"start":{"line":14,"column":4},"end":{"line":19,"column":5}},"9":{"start":{"line":15,"column":6},"end":{"line":15,"column":65}},"10":{"start":{"line":16,"column":6},"end":{"line":16,"column":18}},"11":{"start":{"line":18,"column":6},"end":{"line":18,"column":67}},"12":{"start":{"line":5,"column":13},"end":{"line":5,"column":25}},"13":{"start":{"line":5,"column":13},"end":{"line":21,"column":null}}},"fnMap":{"0":{"name":"(anonymous_2)","decl":{"start":{"line":6,"column":2},"end":{"line":6,"column":31}},"loc":{"start":{"line":6,"column":53},"end":{"line":6,"column":57}}},"1":{"name":"(anonymous_3)","decl":{"start":{"line":8,"column":2},"end":{"line":8,"column":13}},"loc":{"start":{"line":8,"column":39},"end":{"line":20,"column":3}}}},"branchMap":{"0":{"loc":{"start":{"line":10,"column":31},"end":{"line":10,"column":66}},"type":"binary-expr","locations":[{"start":{"line":10,"column":31},"end":{"line":10,"column":60}},{"start":{"line":10,"column":64},"end":{"line":10,"column":66}}]},"1":{"loc":{"start":{"line":11,"column":4},"end":{"line":13,"column":5}},"type":"if","locations":[{"start":{"line":11,"column":4},"end":{"line":13,"column":5}}]}},"s":{"0":5,"1":5,"2":5,"3":40,"4":47,"5":47,"6":47,"7":1,"8":46,"9":46,"10":45,"11":1,"12":5,"13":5},"f":{"0":40,"1":47},"b":{"0":[47,1],"1":[1]}}
,"/Users/ivanalessandro/Downloads/facturacion-api/src/common/guards/roles.guard.ts": {"path":"/Users/ivanalessandro/Downloads/facturacion-api/src/common/guards/roles.guard.ts","statementMap":{"0":{"start":{"line":1,"column":0},"end":{"line":1,"column":95}},"1":{"start":{"line":2,"column":0},"end":{"line":2,"column":41}},"2":{"start":{"line":3,"column":0},"end":{"line":3,"column":58}},"3":{"start":{"line":6,"column":7},"end":{"line":21,"column":null}},"4":{"start":{"line":7,"column":31},"end":{"line":7,"column":42}},"5":{"start":{"line":10,"column":28},"end":{"line":13,"column":6}},"6":{"start":{"line":14,"column":4},"end":{"line":14,"column":70}},"7":{"start":{"line":14,"column":58},"end":{"line":14,"column":70}},"8":{"start":{"line":15,"column":21},"end":{"line":15,"column":56}},"9":{"start":{"line":16,"column":4},"end":{"line":18,"column":5}},"10":{"start":{"line":17,"column":6},"end":{"line":17,"column":76}},"11":{"start":{"line":19,"column":4},"end":{"line":19,"column":16}},"12":{"start":{"line":6,"column":13},"end":{"line":6,"column":23}},"13":{"start":{"line":6,"column":13},"end":{"line":21,"column":null}}},"fnMap":{"0":{"name":"(anonymous_2)","decl":{"start":{"line":7,"column":2},"end":{"line":7,"column":31}},"loc":{"start":{"line":7,"column":51},"end":{"line":7,"column":55}}},"1":{"name":"(anonymous_3)","decl":{"start":{"line":9,"column":2},"end":{"line":9,"column":13}},"loc":{"start":{"line":9,"column":39},"end":{"line":20,"column":3}}}},"branchMap":{"0":{"loc":{"start":{"line":14,"column":4},"end":{"line":14,"column":70}},"type":"if","locations":[{"start":{"line":14,"column":4},"end":{"line":14,"column":70}}]},"1":{"loc":{"start":{"line":14,"column":8},"end":{"line":14,"column":56}},"type":"binary-expr","locations":[{"start":{"line":14,"column":8},"end":{"line":14,"column":24}},{"start":{"line":14,"column":28},"end":{"line":14,"column":56}}]},"2":{"loc":{"start":{"line":16,"column":4},"end":{"line":18,"column":5}},"type":"if","locations":[{"start":{"line":16,"column":4},"end":{"line":18,"column":5}}]},"3":{"loc":{"start":{"line":16,"column":8},"end":{"line":16,"column":52}},"type":"binary-expr","locations":[{"start":{"line":16,"column":8},"end":{"line":16,"column":13}},{"start":{"line":16,"column":17},"end":{"line":16,"column":52}}]}},"s":{"0":5,"1":5,"2":5,"3":5,"4":40,"5":45,"6":45,"7":35,"8":10,"9":10,"10":1,"11":9,"12":5,"13":5},"f":{"0":40,"1":45},"b":{"0":[35],"1":[45,10],"2":[1],"3":[10,10]}}
,"/Users/ivanalessandro/Downloads/facturacion-api/src/common/utils/decimal.util.ts": {"path":"/Users/ivanalessandro/Downloads/facturacion-api/src/common/utils/decimal.util.ts","statementMap":{"0":{"start":{"line":3,"column":0},"end":{"line":3,"column":16}},"1":{"start":{"line":12,"column":0},"end":{"line":12,"column":16}},"2":{"start":{"line":1,"column":13},"end":{"line":1,"column":29}},"3":{"start":{"line":4,"column":2},"end":{"line":4,"column":58}},"4":{"start":{"line":7,"column":13},"end":{"line":10,"column":2}},"5":{"start":{"line":8,"column":25},"end":{"line":8,"column":30}},"6":{"start":{"line":9,"column":44},"end":{"line":9,"column":95}},"7":{"start":{"line":13,"column":18},"end":{"line":13,"column":46}},"8":{"start":{"line":14,"column":2},"end":{"line":19,"column":4}}},"fnMap":{"0":{"name":"round2","decl":{"start":{"line":3,"column":16},"end":{"line":3,"column":22}},"loc":{"start":{"line":3,"column":36},"end":{"line":5,"column":1}}},"1":{"name":"(anonymous_1)","decl":{"start":{"line":8,"column":6},"end":{"line":8,"column":7}},"loc":{"start":{"line":8,"column":25},"end":{"line":8,"column":30}}},"2":{"name":"(anonymous_2)","decl":{"start":{"line":9,"column":8},"end":{"line":9,"column":9}},"loc":{"start":{"line":9,"column":44},"end":{"line":9,"column":95}}},"3":{"name":"esViolacionUnicidad","decl":{"start":{"line":12,"column":16},"end":{"line":12,"column":35}},"loc":{"start":{"line":12,"column":46},"end":{"line":20,"column":1}}}},"branchMap":{"0":{"loc":{"start":{"line":9,"column":44},"end":{"line":9,"column":95}},"type":"cond-expr","locations":[{"start":{"line":9,"column":61},"end":{"line":9,"column":65}},{"start":{"line":9,"column":68},"end":{"line":9,"column":95}}]},"1":{"loc":{"start":{"line":13,"column":25},"end":{"line":13,"column":45}},"type":"binary-expr","locations":[{"start":{"line":13,"column":25},"end":{"line":13,"column":39}},{"start":{"line":13,"column":43},"end":{"line":13,"column":45}}]},"2":{"loc":{"start":{"line":15,"column":4},"end":{"line":18,"column":37}},"type":"binary-expr","locations":[{"start":{"line":15,"column":4},"end":{"line":15,"column":27}},{"start":{"line":16,"column":4},"end":{"line":16,"column":46}},{"start":{"line":17,"column":4},"end":{"line":17,"column":48}},{"start":{"line":18,"column":4},"end":{"line":18,"column":37}}]}},"s":{"0":5,"1":5,"2":5,"3":184,"4":5,"5":281,"6":449,"7":1,"8":1},"f":{"0":184,"1":281,"2":449,"3":1},"b":{"0":[40,409],"1":[1,0],"2":[1,1,1,1]}}
,"/Users/ivanalessandro/Downloads/facturacion-api/src/common/utils/mutex.util.ts": {"path":"/Users/ivanalessandro/Downloads/facturacion-api/src/common/utils/mutex.util.ts","statementMap":{"0":{"start":{"line":2,"column":10},"end":{"line":2,"column":54}},"1":{"start":{"line":5,"column":21},"end":{"line":5,"column":63}},"2":{"start":{"line":6,"column":22},"end":{"line":6,"column":43}},"3":{"start":{"line":7,"column":4},"end":{"line":7,"column":60}},"4":{"start":{"line":7,"column":48},"end":{"line":7,"column":57}},"5":{"start":{"line":8,"column":4},"end":{"line":8,"column":21}},"6":{"start":{"line":1,"column":0},"end":{"line":1,"column":13}},"7":{"start":{"line":12,"column":13},"end":{"line":12,"column":47}}},"fnMap":{"0":{"name":"(anonymous_0)","decl":{"start":{"line":1,"column":0},"end":{"line":1,"column":13}},"loc":{"start":{"line":1,"column":0},"end":{"line":10,"column":1}}},"1":{"name":"(anonymous_1)","decl":{"start":{"line":4,"column":2},"end":{"line":4,"column":10}},"loc":{"start":{"line":4,"column":49},"end":{"line":9,"column":3}}},"2":{"name":"(anonymous_2)","decl":{"start":{"line":7,"column":42},"end":{"line":7,"column":45}},"loc":{"start":{"line":7,"column":48},"end":{"line":7,"column":57}}}},"branchMap":{"0":{"loc":{"start":{"line":5,"column":21},"end":{"line":5,"column":63}},"type":"binary-expr","locations":[{"start":{"line":5,"column":21},"end":{"line":5,"column":42}},{"start":{"line":5,"column":46},"end":{"line":5,"column":63}}]}},"s":{"0":5,"1":17,"2":17,"3":17,"4":1,"5":17,"6":5,"7":5},"f":{"0":5,"1":17,"2":1},"b":{"0":[17,6]}}
,"/Users/ivanalessandro/Downloads/facturacion-api/src/conciliacion/conciliacion.controller.ts": {"path":"/Users/ivanalessandro/Downloads/facturacion-api/src/conciliacion/conciliacion.controller.ts","statementMap":{"0":{"start":{"line":1,"column":0},"end":{"line":1,"column":60}},"1":{"start":{"line":2,"column":0},"end":{"line":2,"column":71}},"2":{"start":{"line":3,"column":0},"end":{"line":3,"column":63}},"3":{"start":{"line":4,"column":0},"end":{"line":4,"column":58}},"4":{"start":{"line":5,"column":0},"end":{"line":5,"column":61}},"5":{"start":{"line":11,"column":7},"end":{"line":19,"column":null}},"6":{"start":{"line":12,"column":31},"end":{"line":12,"column":52}},"7":{"start":{"line":17,"column":4},"end":{"line":17,"column":46}},"8":{"start":{"line":11,"column":13},"end":{"line":11,"column":35}},"9":{"start":{"line":16,"column":2},"end":{"line":18,"column":null}},"10":{"start":{"line":11,"column":13},"end":{"line":19,"column":null}}},"fnMap":{"0":{"name":"(anonymous_2)","decl":{"start":{"line":12,"column":2},"end":{"line":12,"column":31}},"loc":{"start":{"line":12,"column":71},"end":{"line":12,"column":75}}},"1":{"name":"(anonymous_3)","decl":{"start":{"line":16,"column":2},"end":{"line":16,"column":9}},"loc":{"start":{"line":16,"column":9},"end":{"line":18,"column":3}}}},"branchMap":{},"s":{"0":5,"1":5,"2":5,"3":5,"4":5,"5":5,"6":5,"7":1,"8":5,"9":5,"10":5},"f":{"0":5,"1":1},"b":{}}
,"/Users/ivanalessandro/Downloads/facturacion-api/src/conciliacion/conciliacion.module.ts": {"path":"/Users/ivanalessandro/Downloads/facturacion-api/src/conciliacion/conciliacion.module.ts","statementMap":{"0":{"start":{"line":1,"column":0},"end":{"line":1,"column":40}},"1":{"start":{"line":2,"column":0},"end":{"line":2,"column":48}},"2":{"start":{"line":3,"column":0},"end":{"line":3,"column":53}},"3":{"start":{"line":4,"column":0},"end":{"line":4,"column":61}},"4":{"start":{"line":5,"column":0},"end":{"line":5,"column":67}},"5":{"start":{"line":6,"column":0},"end":{"line":6,"column":61}},"6":{"start":{"line":13,"column":7},"end":{"line":13,"column":null}},"7":{"start":{"line":13,"column":13},"end":{"line":13,"column":31}},"8":{"start":{"line":13,"column":13},"end":{"line":13,"column":null}}},"fnMap":{},"branchMap":{},"s":{"0":5,"1":5,"2":5,"3":5,"4":5,"5":5,"6":5,"7":5,"8":5},"f":{},"b":{}}
,"/Users/ivanalessandro/Downloads/facturacion-api/src/conciliacion/conciliacion.service.ts": {"path":"/Users/ivanalessandro/Downloads/facturacion-api/src/conciliacion/conciliacion.service.ts","statementMap":{"0":{"start":{"line":1,"column":0},"end":{"line":1,"column":44}},"1":{"start":{"line":2,"column":0},"end":{"line":2,"column":51}},"2":{"start":{"line":3,"column":0},"end":{"line":3,"column":42}},"3":{"start":{"line":4,"column":0},"end":{"line":4,"column":54}},"4":{"start":{"line":5,"column":0},"end":{"line":5,"column":68}},"5":{"start":{"line":6,"column":0},"end":{"line":6,"column":63}},"6":{"start":{"line":9,"column":7},"end":{"line":54,"column":null}},"7":{"start":{"line":11,"column":48},"end":{"line":11,"column":62}},"8":{"start":{"line":12,"column":21},"end":{"line":12,"column":38}},"9":{"start":{"line":16,"column":21},"end":{"line":19,"column":6}},"10":{"start":{"line":20,"column":18},"end":{"line":20,"column":28}},"11":{"start":{"line":22,"column":19},"end":{"line":33,"column":5}},"12":{"start":{"line":23,"column":20},"end":{"line":23,"column":57}},"13":{"start":{"line":24,"column":6},"end":{"line":32,"column":8}},"14":{"start":{"line":35,"column":18},"end":{"line":35,"column":38}},"15":{"start":{"line":36,"column":20},"end":{"line":36,"column":62}},"16":{"start":{"line":36,"column":40},"end":{"line":36,"column":61}},"17":{"start":{"line":37,"column":21},"end":{"line":37,"column":62}},"18":{"start":{"line":37,"column":41},"end":{"line":37,"column":61}},"19":{"start":{"line":38,"column":21},"end":{"line":38,"column":81}},"20":{"start":{"line":38,"column":44},"end":{"line":38,"column":80}},"21":{"start":{"line":39,"column":23},"end":{"line":39,"column":84}},"22":{"start":{"line":39,"column":46},"end":{"line":39,"column":83}},"23":{"start":{"line":41,"column":4},"end":{"line":52,"column":6}},"24":{"start":{"line":47,"column":59},"end":{"line":47,"column":81}},"25":{"start":{"line":9,"column":13},"end":{"line":9,"column":32}},"26":{"start":{"line":9,"column":13},"end":{"line":54,"column":null}}},"fnMap":{"0":{"name":"(anonymous_4)","decl":{"start":{"line":10,"column":2},"end":{"line":10,"column":null}},"loc":{"start":{"line":12,"column":53},"end":{"line":13,"column":6}}},"1":{"name":"(anonymous_5)","decl":{"start":{"line":15,"column":2},"end":{"line":15,"column":7}},"loc":{"start":{"line":15,"column":15},"end":{"line":53,"column":3}}},"2":{"name":"(anonymous_6)","decl":{"start":{"line":22,"column":19},"end":{"line":22,"column":20}},"loc":{"start":{"line":22,"column":34},"end":{"line":33,"column":5}}},"3":{"name":"(anonymous_7)","decl":{"start":{"line":36,"column":33},"end":{"line":36,"column":34}},"loc":{"start":{"line":36,"column":40},"end":{"line":36,"column":61}}},"4":{"name":"(anonymous_8)","decl":{"start":{"line":37,"column":34},"end":{"line":37,"column":35}},"loc":{"start":{"line":37,"column":41},"end":{"line":37,"column":61}}},"5":{"name":"(anonymous_9)","decl":{"start":{"line":38,"column":37},"end":{"line":38,"column":38}},"loc":{"start":{"line":38,"column":44},"end":{"line":38,"column":80}}},"6":{"name":"(anonymous_10)","decl":{"start":{"line":39,"column":39},"end":{"line":39,"column":40}},"loc":{"start":{"line":39,"column":46},"end":{"line":39,"column":83}}},"7":{"name":"(anonymous_11)","decl":{"start":{"line":47,"column":47},"end":{"line":47,"column":48}},"loc":{"start":{"line":47,"column":59},"end":{"line":47,"column":81}}}},"branchMap":{},"s":{"0":5,"1":5,"2":5,"3":5,"4":5,"5":5,"6":5,"7":5,"8":5,"9":1,"10":1,"11":1,"12":5,"13":5,"14":1,"15":1,"16":5,"17":1,"18":5,"19":1,"20":4,"21":1,"22":4,"23":1,"24":4,"25":5,"26":5},"f":{"0":5,"1":1,"2":5,"3":5,"4":5,"5":4,"6":4,"7":4},"b":{}}
,"/Users/ivanalessandro/Downloads/facturacion-api/src/database/database.config.ts": {"path":"/Users/ivanalessandro/Downloads/facturacion-api/src/database/database.config.ts","statementMap":{"0":{"start":{"line":3,"column":0},"end":{"line":3,"column":16}},"1":{"start":{"line":4,"column":2},"end":{"line":15,"column":3}},"2":{"start":{"line":5,"column":4},"end":{"line":14,"column":6}},"3":{"start":{"line":16,"column":20},"end":{"line":16,"column":54}},"4":{"start":{"line":17,"column":2},"end":{"line":22,"column":4}}},"fnMap":{"0":{"name":"buildDbConfig","decl":{"start":{"line":3,"column":16},"end":{"line":3,"column":29}},"loc":{"start":{"line":3,"column":29},"end":{"line":23,"column":1}}}},"branchMap":{"0":{"loc":{"start":{"line":4,"column":2},"end":{"line":15,"column":3}},"type":"if","locations":[{"start":{"line":4,"column":2},"end":{"line":15,"column":3}}]},"1":{"loc":{"start":{"line":7,"column":12},"end":{"line":7,"column":46}},"type":"binary-expr","locations":[{"start":{"line":7,"column":12},"end":{"line":7,"column":31}},{"start":{"line":7,"column":35},"end":{"line":7,"column":46}}]},"2":{"loc":{"start":{"line":8,"column":21},"end":{"line":8,"column":50}},"type":"binary-expr","locations":[{"start":{"line":8,"column":21},"end":{"line":8,"column":40}},{"start":{"line":8,"column":44},"end":{"line":8,"column":50}}]},"3":{"loc":{"start":{"line":9,"column":16},"end":{"line":9,"column":49}},"type":"binary-expr","locations":[{"start":{"line":9,"column":16},"end":{"line":9,"column":35}},{"start":{"line":9,"column":39},"end":{"line":9,"column":49}}]},"4":{"loc":{"start":{"line":10,"column":16},"end":{"line":10,"column":49}},"type":"binary-expr","locations":[{"start":{"line":10,"column":16},"end":{"line":10,"column":35}},{"start":{"line":10,"column":39},"end":{"line":10,"column":49}}]},"5":{"loc":{"start":{"line":11,"column":16},"end":{"line":11,"column":52}},"type":"binary-expr","locations":[{"start":{"line":11,"column":16},"end":{"line":11,"column":35}},{"start":{"line":11,"column":39},"end":{"line":11,"column":52}}]},"6":{"loc":{"start":{"line":19,"column":8},"end":{"line":19,"column":98}},"type":"cond-expr","locations":[{"start":{"line":19,"column":20},"end":{"line":19,"column":22}},{"start":{"line":19,"column":25},"end":{"line":19,"column":98}}]},"7":{"loc":{"start":{"line":19,"column":37},"end":{"line":19,"column":80}},"type":"binary-expr","locations":[{"start":{"line":19,"column":37},"end":{"line":19,"column":56}},{"start":{"line":19,"column":60},"end":{"line":19,"column":80}}]}},"s":{"0":5,"1":5,"2":0,"3":5,"4":5},"f":{"0":5},"b":{"0":[0],"1":[0,0],"2":[0,0],"3":[0,0],"4":[0,0],"5":[0,0],"6":[5,0],"7":[0,0]}}
,"/Users/ivanalessandro/Downloads/facturacion-api/src/facturas/factura.entity.ts": {"path":"/Users/ivanalessandro/Downloads/facturacion-api/src/facturas/factura.entity.ts","statementMap":{"0":{"start":{"line":1,"column":0},"end":{"line":1,"column":null}},"1":{"start":{"line":4,"column":0},"end":{"line":4,"column":53}},"2":{"start":{"line":5,"column":0},"end":{"line":5,"column":66}},"3":{"start":{"line":6,"column":0},"end":{"line":6,"column":67}},"4":{"start":{"line":7,"column":0},"end":{"line":7,"column":44}},"5":{"start":{"line":8,"column":0},"end":{"line":8,"column":47}},"6":{"start":{"line":9,"column":0},"end":{"line":9,"column":54}},"7":{"start":{"line":11,"column":0},"end":{"line":11,"column":null}},"8":{"start":{"line":12,"column":2},"end":{"line":12,"column":null}},"9":{"start":{"line":13,"column":2},"end":{"line":13,"column":null}},"10":{"start":{"line":14,"column":2},"end":{"line":14,"column":null}},"11":{"start":{"line":15,"column":2},"end":{"line":15,"column":null}},"12":{"start":{"line":20,"column":7},"end":{"line":65,"column":null}},"13":{"start":{"line":20,"column":13},"end":{"line":20,"column":20}},"14":{"start":{"line":22,"column":2},"end":{"line":22,"column":null}},"15":{"start":{"line":25,"column":2},"end":{"line":25,"column":null}},"16":{"start":{"line":24,"column":19},"end":{"line":24,"column":24}},"17":{"start":{"line":28,"column":2},"end":{"line":28,"column":null}},"18":{"start":{"line":31,"column":2},"end":{"line":31,"column":null}},"19":{"start":{"line":34,"column":2},"end":{"line":34,"column":null}},"20":{"start":{"line":33,"column":19},"end":{"line":33,"column":26}},"21":{"start":{"line":33,"column":41},"end":{"line":33,"column":57}},"22":{"start":{"line":37,"column":2},"end":{"line":37,"column":null}},"23":{"start":{"line":40,"column":2},"end":{"line":40,"column":null}},"24":{"start":{"line":43,"column":2},"end":{"line":43,"column":null}},"25":{"start":{"line":46,"column":2},"end":{"line":46,"column":null}},"26":{"start":{"line":49,"column":2},"end":{"line":49,"column":null}},"27":{"start":{"line":52,"column":2},"end":{"line":52,"column":null}},"28":{"start":{"line":55,"column":2},"end":{"line":55,"column":null}},"29":{"start":{"line":58,"column":2},"end":{"line":58,"column":null}},"30":{"start":{"line":57,"column":19},"end":{"line":57,"column":31}},"31":{"start":{"line":57,"column":44},"end":{"line":57,"column":57}},"32":{"start":{"line":61,"column":2},"end":{"line":61,"column":null}},"33":{"start":{"line":60,"column":19},"end":{"line":60,"column":23}},"34":{"start":{"line":60,"column":35},"end":{"line":60,"column":47}},"35":{"start":{"line":64,"column":2},"end":{"line":64,"column":null}},"36":{"start":{"line":63,"column":19},"end":{"line":63,"column":30}},"37":{"start":{"line":63,"column":42},"end":{"line":63,"column":54}},"38":{"start":{"line":20,"column":13},"end":{"line":65,"column":null}}},"fnMap":{"0":{"name":"(anonymous_2)","decl":{"start":{"line":11,"column":0},"end":{"line":11,"column":12}},"loc":{"start":{"line":11,"column":25},"end":{"line":16,"column":1}}},"1":{"name":"(anonymous_3)","decl":{"start":{"line":24,"column":13},"end":{"line":24,"column":16}},"loc":{"start":{"line":24,"column":19},"end":{"line":24,"column":24}}},"2":{"name":"(anonymous_4)","decl":{"start":{"line":33,"column":13},"end":{"line":33,"column":16}},"loc":{"start":{"line":33,"column":19},"end":{"line":33,"column":26}}},"3":{"name":"(anonymous_5)","decl":{"start":{"line":33,"column":28},"end":{"line":33,"column":29}},"loc":{"start":{"line":33,"column":41},"end":{"line":33,"column":57}}},"4":{"name":"(anonymous_6)","decl":{"start":{"line":57,"column":13},"end":{"line":57,"column":16}},"loc":{"start":{"line":57,"column":19},"end":{"line":57,"column":31}}},"5":{"name":"(anonymous_7)","decl":{"start":{"line":57,"column":33},"end":{"line":57,"column":34}},"loc":{"start":{"line":57,"column":44},"end":{"line":57,"column":57}}},"6":{"name":"(anonymous_8)","decl":{"start":{"line":60,"column":13},"end":{"line":60,"column":16}},"loc":{"start":{"line":60,"column":19},"end":{"line":60,"column":23}}},"7":{"name":"(anonymous_9)","decl":{"start":{"line":60,"column":25},"end":{"line":60,"column":26}},"loc":{"start":{"line":60,"column":35},"end":{"line":60,"column":47}}},"8":{"name":"(anonymous_10)","decl":{"start":{"line":63,"column":13},"end":{"line":63,"column":16}},"loc":{"start":{"line":63,"column":19},"end":{"line":63,"column":30}}},"9":{"name":"(anonymous_11)","decl":{"start":{"line":63,"column":32},"end":{"line":63,"column":33}},"loc":{"start":{"line":63,"column":42},"end":{"line":63,"column":54}}}},"branchMap":{"0":{"loc":{"start":{"line":11,"column":12},"end":{"line":11,"column":null}},"type":"binary-expr","locations":[{"start":{"line":11,"column":12},"end":{"line":11,"column":25}},{"start":{"line":11,"column":25},"end":{"line":11,"column":null}}]}},"s":{"0":5,"1":5,"2":5,"3":5,"4":5,"5":5,"6":5,"7":5,"8":5,"9":5,"10":5,"11":5,"12":5,"13":5,"14":5,"15":5,"16":5,"17":5,"18":5,"19":5,"20":5,"21":5,"22":5,"23":5,"24":5,"25":5,"26":5,"27":5,"28":5,"29":5,"30":5,"31":5,"32":5,"33":5,"34":5,"35":5,"36":5,"37":5,"38":5},"f":{"0":5,"1":5,"2":5,"3":5,"4":5,"5":5,"6":5,"7":5,"8":5,"9":5},"b":{"0":[5,5]}}
,"/Users/ivanalessandro/Downloads/facturacion-api/src/facturas/facturas.controller.ts": {"path":"/Users/ivanalessandro/Downloads/facturacion-api/src/facturas/facturas.controller.ts","statementMap":{"0":{"start":{"line":1,"column":0},"end":{"line":1,"column":93}},"1":{"start":{"line":2,"column":0},"end":{"line":2,"column":71}},"2":{"start":{"line":3,"column":0},"end":{"line":3,"column":61}},"3":{"start":{"line":4,"column":0},"end":{"line":4,"column":78}},"4":{"start":{"line":5,"column":0},"end":{"line":5,"column":63}},"5":{"start":{"line":6,"column":0},"end":{"line":6,"column":58}},"6":{"start":{"line":7,"column":0},"end":{"line":7,"column":60}},"7":{"start":{"line":8,"column":0},"end":{"line":8,"column":60}},"8":{"start":{"line":9,"column":0},"end":{"line":9,"column":53}},"9":{"start":{"line":15,"column":7},"end":{"line":48,"column":null}},"10":{"start":{"line":16,"column":31},"end":{"line":16,"column":48}},"11":{"start":{"line":21,"column":4},"end":{"line":21,"column":53}},"12":{"start":{"line":27,"column":4},"end":{"line":27,"column":41}},"13":{"start":{"line":33,"column":4},"end":{"line":33,"column":44}},"14":{"start":{"line":39,"column":4},"end":{"line":39,"column":49}},"15":{"start":{"line":46,"column":4},"end":{"line":46,"column":63}},"16":{"start":{"line":15,"column":13},"end":{"line":15,"column":31}},"17":{"start":{"line":20,"column":2},"end":{"line":22,"column":null}},"18":{"start":{"line":26,"column":2},"end":{"line":28,"column":null}},"19":{"start":{"line":32,"column":2},"end":{"line":34,"column":null}},"20":{"start":{"line":38,"column":2},"end":{"line":40,"column":null}},"21":{"start":{"line":45,"column":2},"end":{"line":47,"column":null}},"22":{"start":{"line":15,"column":13},"end":{"line":48,"column":null}}},"fnMap":{"0":{"name":"(anonymous_4)","decl":{"start":{"line":16,"column":2},"end":{"line":16,"column":31}},"loc":{"start":{"line":16,"column":63},"end":{"line":16,"column":67}}},"1":{"name":"(anonymous_5)","decl":{"start":{"line":20,"column":2},"end":{"line":20,"column":8}},"loc":{"start":{"line":20,"column":69},"end":{"line":22,"column":3}}},"2":{"name":"(anonymous_6)","decl":{"start":{"line":26,"column":2},"end":{"line":26,"column":8}},"loc":{"start":{"line":26,"column":8},"end":{"line":28,"column":3}}},"3":{"name":"(anonymous_7)","decl":{"start":{"line":32,"column":2},"end":{"line":32,"column":9}},"loc":{"start":{"line":32,"column":47},"end":{"line":34,"column":3}}},"4":{"name":"(anonymous_8)","decl":{"start":{"line":38,"column":2},"end":{"line":38,"column":7}},"loc":{"start":{"line":38,"column":45},"end":{"line":40,"column":3}}},"5":{"name":"(anonymous_9)","decl":{"start":{"line":45,"column":2},"end":{"line":45,"column":8}},"loc":{"start":{"line":45,"column":108},"end":{"line":47,"column":3}}}},"branchMap":{},"s":{"0":5,"1":5,"2":5,"3":5,"4":5,"5":5,"6":5,"7":5,"8":5,"9":5,"10":5,"11":6,"12":1,"13":1,"14":1,"15":2,"16":5,"17":5,"18":5,"19":5,"20":5,"21":5,"22":5},"f":{"0":5,"1":6,"2":1,"3":1,"4":1,"5":2},"b":{}}
,"/Users/ivanalessandro/Downloads/facturacion-api/src/facturas/facturas.module.ts": {"path":"/Users/ivanalessandro/Downloads/facturacion-api/src/facturas/facturas.module.ts","statementMap":{"0":{"start":{"line":1,"column":0},"end":{"line":1,"column":40}},"1":{"start":{"line":2,"column":0},"end":{"line":2,"column":48}},"2":{"start":{"line":3,"column":0},"end":{"line":3,"column":53}},"3":{"start":{"line":4,"column":0},"end":{"line":4,"column":47}},"4":{"start":{"line":5,"column":0},"end":{"line":5,"column":43}},"5":{"start":{"line":6,"column":0},"end":{"line":6,"column":59}},"6":{"start":{"line":7,"column":0},"end":{"line":7,"column":53}},"7":{"start":{"line":8,"column":0},"end":{"line":8,"column":54}},"8":{"start":{"line":16,"column":7},"end":{"line":16,"column":null}},"9":{"start":{"line":16,"column":13},"end":{"line":16,"column":27}},"10":{"start":{"line":16,"column":13},"end":{"line":16,"column":null}}},"fnMap":{},"branchMap":{},"s":{"0":5,"1":5,"2":5,"3":5,"4":5,"5":5,"6":5,"7":5,"8":5,"9":5,"10":5},"f":{},"b":{}}
,"/Users/ivanalessandro/Downloads/facturacion-api/src/facturas/facturas.service.ts": {"path":"/Users/ivanalessandro/Downloads/facturacion-api/src/facturas/facturas.service.ts","statementMap":{"0":{"start":{"line":1,"column":0},"end":{"line":1,"column":null}},"1":{"start":{"line":4,"column":0},"end":{"line":4,"column":54}},"2":{"start":{"line":5,"column":0},"end":{"line":5,"column":51}},"3":{"start":{"line":6,"column":0},"end":{"line":6,"column":49}},"4":{"start":{"line":7,"column":0},"end":{"line":7,"column":53}},"5":{"start":{"line":8,"column":0},"end":{"line":8,"column":85}},"6":{"start":{"line":9,"column":0},"end":{"line":9,"column":57}},"7":{"start":{"line":10,"column":0},"end":{"line":10,"column":47}},"8":{"start":{"line":12,"column":0},"end":{"line":12,"column":58}},"9":{"start":{"line":13,"column":0},"end":{"line":13,"column":54}},"10":{"start":{"line":16,"column":7},"end":{"line":179,"column":null}},"11":{"start":{"line":18,"column":48},"end":{"line":18,"column":62}},"12":{"start":{"line":19,"column":48},"end":{"line":19,"column":62}},"13":{"start":{"line":20,"column":21},"end":{"line":20,"column":33}},"14":{"start":{"line":21,"column":21},"end":{"line":21,"column":30}},"15":{"start":{"line":25,"column":20},"end":{"line":25,"column":90}},"16":{"start":{"line":26,"column":4},"end":{"line":26,"column":82}},"17":{"start":{"line":26,"column":18},"end":{"line":26,"column":82}},"18":{"start":{"line":31,"column":4},"end":{"line":91,"column":7}},"19":{"start":{"line":32,"column":4},"end":{"line":90,"column":5}},"20":{"start":{"line":32,"column":23},"end":{"line":32,"column":24}},"21":{"start":{"line":33,"column":6},"end":{"line":89,"column":7}},"22":{"start":{"line":34,"column":8},"end":{"line":83,"column":11}},"23":{"start":{"line":35,"column":40},"end":{"line":35,"column":70}},"24":{"start":{"line":36,"column":10},"end":{"line":38,"column":11}},"25":{"start":{"line":37,"column":12},"end":{"line":37,"column":66}},"26":{"start":{"line":39,"column":24},"end":{"line":39,"column":70}},"27":{"start":{"line":40,"column":10},"end":{"line":40,"column":73}},"28":{"start":{"line":40,"column":22},"end":{"line":40,"column":73}},"29":{"start":{"line":41,"column":10},"end":{"line":43,"column":11}},"30":{"start":{"line":42,"column":12},"end":{"line":42,"column":89}},"31":{"start":{"line":45,"column":25},"end":{"line":45,"column":52}},"32":{"start":{"line":46,"column":25},"end":{"line":57,"column":12}},"33":{"start":{"line":47,"column":29},"end":{"line":47,"column":66}},"34":{"start":{"line":48,"column":24},"end":{"line":48,"column":51}},"35":{"start":{"line":49,"column":12},"end":{"line":56,"column":15}},"36":{"start":{"line":59,"column":27},"end":{"line":59,"column":81}},"37":{"start":{"line":59,"column":60},"end":{"line":59,"column":76}},"38":{"start":{"line":60,"column":22},"end":{"line":60,"column":71}},"39":{"start":{"line":60,"column":55},"end":{"line":60,"column":66}},"40":{"start":{"line":61,"column":24},"end":{"line":61,"column":46}},"41":{"start":{"line":63,"column":35},"end":{"line":63,"column":45}},"42":{"start":{"line":64,"column":10},"end":{"line":64,"column":88}},"43":{"start":{"line":66,"column":26},"end":{"line":77,"column":12}},"44":{"start":{"line":78,"column":27},"end":{"line":78,"column":54}},"45":{"start":{"line":80,"column":10},"end":{"line":80,"column":43}},"46":{"start":{"line":81,"column":10},"end":{"line":81,"column":36}},"47":{"start":{"line":82,"column":10},"end":{"line":82,"column":26}},"48":{"start":{"line":84,"column":8},"end":{"line":84,"column":14}},"49":{"start":{"line":86,"column":8},"end":{"line":86,"column":28}},"50":{"start":{"line":87,"column":8},"end":{"line":87,"column":64}},"51":{"start":{"line":87,"column":55},"end":{"line":87,"column":64}},"52":{"start":{"line":88,"column":8},"end":{"line":88,"column":20}},"53":{"start":{"line":92,"column":4},"end":{"line":92,"column":44}},"54":{"start":{"line":92,"column":26},"end":{"line":92,"column":44}},"55":{"start":{"line":94,"column":4},"end":{"line":102,"column":7}},"56":{"start":{"line":103,"column":4},"end":{"line":103,"column":27}},"57":{"start":{"line":107,"column":4},"end":{"line":107,"column":71}},"58":{"start":{"line":111,"column":20},"end":{"line":114,"column":6}},"59":{"start":{"line":115,"column":4},"end":{"line":115,"column":71}},"60":{"start":{"line":115,"column":18},"end":{"line":115,"column":71}},"61":{"start":{"line":116,"column":4},"end":{"line":116,"column":19}},"62":{"start":{"line":120,"column":19},"end":{"line":120,"column":85}},"63":{"start":{"line":120,"column":67},"end":{"line":120,"column":80}},"64":{"start":{"line":121,"column":23},"end":{"line":121,"column":96}},"65":{"start":{"line":121,"column":78},"end":{"line":121,"column":91}},"66":{"start":{"line":122,"column":27},"end":{"line":122,"column":70}},"67":{"start":{"line":123,"column":4},"end":{"line":123,"column":86}},"68":{"start":{"line":127,"column":20},"end":{"line":127,"column":42}},"69":{"start":{"line":128,"column":4},"end":{"line":128,"column":133}},"70":{"start":{"line":132,"column":20},"end":{"line":132,"column":42}},"71":{"start":{"line":133,"column":4},"end":{"line":135,"column":5}},"72":{"start":{"line":134,"column":6},"end":{"line":134,"column":64}},"73":{"start":{"line":136,"column":4},"end":{"line":138,"column":5}},"74":{"start":{"line":137,"column":6},"end":{"line":137,"column":99}},"75":{"start":{"line":139,"column":27},"end":{"line":139,"column":41}},"76":{"start":{"line":140,"column":4},"end":{"line":140,"column":43}},"77":{"start":{"line":141,"column":4},"end":{"line":141,"column":35}},"78":{"start":{"line":142,"column":21},"end":{"line":142,"column":58}},"79":{"start":{"line":144,"column":4},"end":{"line":152,"column":7}},"80":{"start":{"line":153,"column":4},"end":{"line":153,"column":20}},"81":{"start":{"line":157,"column":39},"end":{"line":157,"column":66}},"82":{"start":{"line":158,"column":22},"end":{"line":158,"column":36}},"83":{"start":{"line":159,"column":4},"end":{"line":161,"column":45}},"84":{"start":{"line":159,"column":29},"end":{"line":159,"column":64}},"85":{"start":{"line":160,"column":9},"end":{"line":161,"column":45}},"86":{"start":{"line":160,"column":25},"end":{"line":160,"column":68}},"87":{"start":{"line":161,"column":9},"end":{"line":161,"column":45}},"88":{"start":{"line":163,"column":4},"end":{"line":176,"column":5}},"89":{"start":{"line":164,"column":29},"end":{"line":164,"column":43}},"90":{"start":{"line":165,"column":6},"end":{"line":165,"column":35}},"91":{"start":{"line":166,"column":6},"end":{"line":166,"column":44}},"92":{"start":{"line":167,"column":6},"end":{"line":175,"column":9}},"93":{"start":{"line":177,"column":4},"end":{"line":177,"column":19}},"94":{"start":{"line":16,"column":13},"end":{"line":16,"column":28}},"95":{"start":{"line":16,"column":13},"end":{"line":179,"column":null}}},"fnMap":{"0":{"name":"(anonymous_4)","decl":{"start":{"line":17,"column":2},"end":{"line":17,"column":null}},"loc":{"start":{"line":21,"column":43},"end":{"line":22,"column":6}}},"1":{"name":"(anonymous_5)","decl":{"start":{"line":24,"column":2},"end":{"line":24,"column":7}},"loc":{"start":{"line":24,"column":66},"end":{"line":104,"column":3}}},"2":{"name":"(anonymous_6)","decl":{"start":{"line":31,"column":55},"end":{"line":31,"column":60}},"loc":{"start":{"line":31,"column":66},"end":{"line":91,"column":5}}},"3":{"name":"(anonymous_7)","decl":{"start":{"line":34,"column":60},"end":{"line":34,"column":65}},"loc":{"start":{"line":34,"column":78},"end":{"line":83,"column":9}}},"4":{"name":"(anonymous_8)","decl":{"start":{"line":46,"column":40},"end":{"line":46,"column":41}},"loc":{"start":{"line":46,"column":46},"end":{"line":57,"column":11}}},"5":{"name":"(anonymous_9)","decl":{"start":{"line":59,"column":48},"end":{"line":59,"column":49}},"loc":{"start":{"line":59,"column":60},"end":{"line":59,"column":76}}},"6":{"name":"(anonymous_10)","decl":{"start":{"line":60,"column":43},"end":{"line":60,"column":44}},"loc":{"start":{"line":60,"column":55},"end":{"line":60,"column":66}}},"7":{"name":"(anonymous_11)","decl":{"start":{"line":106,"column":2},"end":{"line":106,"column":8}},"loc":{"start":{"line":106,"column":8},"end":{"line":108,"column":3}}},"8":{"name":"(anonymous_12)","decl":{"start":{"line":110,"column":2},"end":{"line":110,"column":7}},"loc":{"start":{"line":110,"column":26},"end":{"line":117,"column":3}}},"9":{"name":"(anonymous_13)","decl":{"start":{"line":119,"column":2},"end":{"line":119,"column":15}},"loc":{"start":{"line":119,"column":32},"end":{"line":124,"column":3}}},"10":{"name":"(anonymous_14)","decl":{"start":{"line":120,"column":55},"end":{"line":120,"column":56}},"loc":{"start":{"line":120,"column":67},"end":{"line":120,"column":80}}},"11":{"name":"(anonymous_15)","decl":{"start":{"line":121,"column":66},"end":{"line":121,"column":67}},"loc":{"start":{"line":121,"column":78},"end":{"line":121,"column":91}}},"12":{"name":"(anonymous_16)","decl":{"start":{"line":126,"column":2},"end":{"line":126,"column":7}},"loc":{"start":{"line":126,"column":31},"end":{"line":129,"column":3}}},"13":{"name":"(anonymous_17)","decl":{"start":{"line":131,"column":2},"end":{"line":131,"column":7}},"loc":{"start":{"line":131,"column":70},"end":{"line":154,"column":3}}},"14":{"name":"(anonymous_18)","decl":{"start":{"line":156,"column":2},"end":{"line":156,"column":7}},"loc":{"start":{"line":156,"column":112},"end":{"line":178,"column":3}}}},"branchMap":{"0":{"loc":{"start":{"line":26,"column":4},"end":{"line":26,"column":82}},"type":"if","locations":[{"start":{"line":26,"column":4},"end":{"line":26,"column":82}}]},"1":{"loc":{"start":{"line":36,"column":10},"end":{"line":38,"column":11}},"type":"if","locations":[{"start":{"line":36,"column":10},"end":{"line":38,"column":11}}]},"2":{"loc":{"start":{"line":40,"column":10},"end":{"line":40,"column":73}},"type":"if","locations":[{"start":{"line":40,"column":10},"end":{"line":40,"column":73}}]},"3":{"loc":{"start":{"line":41,"column":10},"end":{"line":43,"column":11}},"type":"if","locations":[{"start":{"line":41,"column":10},"end":{"line":43,"column":11}}]},"4":{"loc":{"start":{"line":64,"column":65},"end":{"line":64,"column":85}},"type":"binary-expr","locations":[{"start":{"line":64,"column":65},"end":{"line":64,"column":80}},{"start":{"line":64,"column":84},"end":{"line":64,"column":85}}]},"5":{"loc":{"start":{"line":87,"column":8},"end":{"line":87,"column":64}},"type":"if","locations":[{"start":{"line":87,"column":8},"end":{"line":87,"column":64}}]},"6":{"loc":{"start":{"line":87,"column":12},"end":{"line":87,"column":53}},"type":"binary-expr","locations":[{"start":{"line":87,"column":12},"end":{"line":87,"column":23}},{"start":{"line":87,"column":27},"end":{"line":87,"column":53}}]},"7":{"loc":{"start":{"line":92,"column":4},"end":{"line":92,"column":44}},"type":"if","locations":[{"start":{"line":92,"column":4},"end":{"line":92,"column":44}}]},"8":{"loc":{"start":{"line":115,"column":4},"end":{"line":115,"column":71}},"type":"if","locations":[{"start":{"line":115,"column":4},"end":{"line":115,"column":71}}]},"9":{"loc":{"start":{"line":120,"column":27},"end":{"line":120,"column":46}},"type":"binary-expr","locations":[{"start":{"line":120,"column":27},"end":{"line":120,"column":40}},{"start":{"line":120,"column":44},"end":{"line":120,"column":46}}]},"10":{"loc":{"start":{"line":121,"column":31},"end":{"line":121,"column":57}},"type":"binary-expr","locations":[{"start":{"line":121,"column":31},"end":{"line":121,"column":51}},{"start":{"line":121,"column":55},"end":{"line":121,"column":57}}]},"11":{"loc":{"start":{"line":133,"column":4},"end":{"line":135,"column":5}},"type":"if","locations":[{"start":{"line":133,"column":4},"end":{"line":135,"column":5}}]},"12":{"loc":{"start":{"line":136,"column":4},"end":{"line":138,"column":5}},"type":"if","locations":[{"start":{"line":136,"column":4},"end":{"line":138,"column":5}}]},"13":{"loc":{"start":{"line":136,"column":9},"end":{"line":136,"column":28}},"type":"binary-expr","locations":[{"start":{"line":136,"column":9},"end":{"line":136,"column":22}},{"start":{"line":136,"column":26},"end":{"line":136,"column":28}}]},"14":{"loc":{"start":{"line":156,"column":81},"end":{"line":156,"column":112}},"type":"default-arg","locations":[{"start":{"line":156,"column":90},"end":{"line":156,"column":112}}]},"15":{"loc":{"start":{"line":159,"column":4},"end":{"line":161,"column":45}},"type":"if","locations":[{"start":{"line":159,"column":4},"end":{"line":161,"column":45}},{"start":{"line":160,"column":9},"end":{"line":161,"column":45}}]},"16":{"loc":{"start":{"line":160,"column":9},"end":{"line":161,"column":45}},"type":"if","locations":[{"start":{"line":160,"column":9},"end":{"line":161,"column":45}},{"start":{"line":161,"column":9},"end":{"line":161,"column":45}}]},"17":{"loc":{"start":{"line":163,"column":4},"end":{"line":176,"column":5}},"type":"if","locations":[{"start":{"line":163,"column":4},"end":{"line":176,"column":5}}]}},"s":{"0":5,"1":5,"2":5,"3":5,"4":5,"5":5,"6":5,"7":5,"8":5,"9":5,"10":5,"11":5,"12":5,"13":5,"14":5,"15":15,"16":15,"17":1,"18":14,"19":14,"20":14,"21":14,"22":14,"23":14,"24":14,"25":0,"26":14,"27":14,"28":0,"29":14,"30":1,"31":13,"32":13,"33":14,"34":14,"35":14,"36":13,"37":14,"38":13,"39":14,"40":13,"41":13,"42":13,"43":13,"44":13,"45":13,"46":13,"47":13,"48":13,"49":1,"50":1,"51":0,"52":1,"53":13,"54":0,"55":13,"56":13,"57":1,"58":24,"59":24,"60":1,"61":23,"62":23,"63":14,"64":23,"65":11,"66":23,"67":23,"68":3,"69":3,"70":6,"71":6,"72":1,"73":5,"74":2,"75":3,"76":3,"77":3,"78":3,"79":3,"80":3,"81":8,"82":8,"83":8,"84":3,"85":5,"86":4,"87":1,"88":8,"89":6,"90":6,"91":6,"92":6,"93":8,"94":5,"95":5},"f":{"0":5,"1":15,"2":14,"3":14,"4":14,"5":14,"6":14,"7":1,"8":24,"9":23,"10":14,"11":11,"12":3,"13":6,"14":8},"b":{"0":[1],"1":[0],"2":[0],"3":[1],"4":[13,12],"5":[0],"6":[1,1],"7":[0],"8":[1],"9":[23,0],"10":[23,0],"11":[1],"12":[2],"13":[5,0],"14":[0],"15":[3,5],"16":[4,1],"17":[6]}}
,"/Users/ivanalessandro/Downloads/facturacion-api/src/facturas/linea-factura.entity.ts": {"path":"/Users/ivanalessandro/Downloads/facturacion-api/src/facturas/linea-factura.entity.ts","statementMap":{"0":{"start":{"line":1,"column":0},"end":{"line":1,"column":76}},"1":{"start":{"line":2,"column":0},"end":{"line":2,"column":66}},"2":{"start":{"line":3,"column":0},"end":{"line":3,"column":43}},"3":{"start":{"line":6,"column":7},"end":{"line":30,"column":null}},"4":{"start":{"line":6,"column":13},"end":{"line":6,"column":25}},"5":{"start":{"line":8,"column":2},"end":{"line":8,"column":null}},"6":{"start":{"line":11,"column":2},"end":{"line":11,"column":null}},"7":{"start":{"line":10,"column":19},"end":{"line":10,"column":26}},"8":{"start":{"line":10,"column":41},"end":{"line":10,"column":55}},"9":{"start":{"line":14,"column":2},"end":{"line":14,"column":null}},"10":{"start":{"line":17,"column":2},"end":{"line":17,"column":null}},"11":{"start":{"line":20,"column":2},"end":{"line":20,"column":null}},"12":{"start":{"line":23,"column":2},"end":{"line":23,"column":null}},"13":{"start":{"line":26,"column":2},"end":{"line":26,"column":null}},"14":{"start":{"line":29,"column":2},"end":{"line":29,"column":null}},"15":{"start":{"line":6,"column":13},"end":{"line":30,"column":null}}},"fnMap":{"0":{"name":"(anonymous_2)","decl":{"start":{"line":10,"column":13},"end":{"line":10,"column":16}},"loc":{"start":{"line":10,"column":19},"end":{"line":10,"column":26}}},"1":{"name":"(anonymous_3)","decl":{"start":{"line":10,"column":28},"end":{"line":10,"column":29}},"loc":{"start":{"line":10,"column":41},"end":{"line":10,"column":55}}}},"branchMap":{},"s":{"0":5,"1":5,"2":5,"3":5,"4":5,"5":5,"6":5,"7":5,"8":5,"9":5,"10":5,"11":5,"12":5,"13":5,"14":5,"15":5},"f":{"0":5,"1":5},"b":{}}
,"/Users/ivanalessandro/Downloads/facturacion-api/src/facturas/dto/anular-factura.dto.ts": {"path":"/Users/ivanalessandro/Downloads/facturacion-api/src/facturas/dto/anular-factura.dto.ts","statementMap":{"0":{"start":{"line":1,"column":0},"end":{"line":1,"column":46}},"1":{"start":{"line":2,"column":0},"end":{"line":2,"column":66}},"2":{"start":{"line":4,"column":0},"end":{"line":4,"column":13}},"3":{"start":{"line":9,"column":2},"end":{"line":9,"column":null}}},"fnMap":{},"branchMap":{},"s":{"0":5,"1":5,"2":5,"3":5},"f":{},"b":{}}
,"/Users/ivanalessandro/Downloads/facturacion-api/src/facturas/dto/create-factura.dto.ts": {"path":"/Users/ivanalessandro/Downloads/facturacion-api/src/facturas/dto/create-factura.dto.ts","statementMap":{"0":{"start":{"line":1,"column":0},"end":{"line":1,"column":67}},"1":{"start":{"line":2,"column":0},"end":{"line":2,"column":41}},"2":{"start":{"line":3,"column":0},"end":{"line":3,"column":null}},"3":{"start":{"line":7,"column":0},"end":{"line":7,"column":13}},"4":{"start":{"line":11,"column":2},"end":{"line":11,"column":null}},"5":{"start":{"line":16,"column":2},"end":{"line":16,"column":null}},"6":{"start":{"line":21,"column":2},"end":{"line":21,"column":null}},"7":{"start":{"line":24,"column":0},"end":{"line":24,"column":13}},"8":{"start":{"line":27,"column":2},"end":{"line":27,"column":null}},"9":{"start":{"line":31,"column":2},"end":{"line":31,"column":null}},"10":{"start":{"line":37,"column":2},"end":{"line":37,"column":null}},"11":{"start":{"line":44,"column":2},"end":{"line":44,"column":null}},"12":{"start":{"line":43,"column":14},"end":{"line":43,"column":29}}},"fnMap":{"0":{"name":"(anonymous_2)","decl":{"start":{"line":43,"column":8},"end":{"line":43,"column":11}},"loc":{"start":{"line":43,"column":14},"end":{"line":43,"column":29}}}},"branchMap":{},"s":{"0":5,"1":5,"2":5,"3":5,"4":5,"5":5,"6":5,"7":5,"8":5,"9":5,"10":5,"11":5,"12":6},"f":{"0":6},"b":{}}
,"/Users/ivanalessandro/Downloads/facturacion-api/src/notas-credito/nota-credito.entity.ts": {"path":"/Users/ivanalessandro/Downloads/facturacion-api/src/notas-credito/nota-credito.entity.ts","statementMap":{"0":{"start":{"line":1,"column":0},"end":{"line":1,"column":102}},"1":{"start":{"line":2,"column":0},"end":{"line":2,"column":66}},"2":{"start":{"line":3,"column":0},"end":{"line":3,"column":53}},"3":{"start":{"line":4,"column":0},"end":{"line":4,"column":47}},"4":{"start":{"line":8,"column":7},"end":{"line":35,"column":null}},"5":{"start":{"line":8,"column":13},"end":{"line":8,"column":24}},"6":{"start":{"line":10,"column":2},"end":{"line":10,"column":null}},"7":{"start":{"line":13,"column":2},"end":{"line":13,"column":null}},"8":{"start":{"line":12,"column":19},"end":{"line":12,"column":24}},"9":{"start":{"line":16,"column":2},"end":{"line":16,"column":null}},"10":{"start":{"line":19,"column":2},"end":{"line":19,"column":null}},"11":{"start":{"line":22,"column":2},"end":{"line":22,"column":null}},"12":{"start":{"line":21,"column":19},"end":{"line":21,"column":26}},"13":{"start":{"line":21,"column":41},"end":{"line":21,"column":61}},"14":{"start":{"line":25,"column":2},"end":{"line":25,"column":null}},"15":{"start":{"line":28,"column":2},"end":{"line":28,"column":null}},"16":{"start":{"line":31,"column":2},"end":{"line":31,"column":null}},"17":{"start":{"line":34,"column":2},"end":{"line":34,"column":null}},"18":{"start":{"line":8,"column":13},"end":{"line":35,"column":null}}},"fnMap":{"0":{"name":"(anonymous_2)","decl":{"start":{"line":12,"column":13},"end":{"line":12,"column":16}},"loc":{"start":{"line":12,"column":19},"end":{"line":12,"column":24}}},"1":{"name":"(anonymous_3)","decl":{"start":{"line":21,"column":13},"end":{"line":21,"column":16}},"loc":{"start":{"line":21,"column":19},"end":{"line":21,"column":26}}},"2":{"name":"(anonymous_4)","decl":{"start":{"line":21,"column":28},"end":{"line":21,"column":29}},"loc":{"start":{"line":21,"column":41},"end":{"line":21,"column":61}}}},"branchMap":{},"s":{"0":5,"1":5,"2":5,"3":5,"4":5,"5":5,"6":5,"7":5,"8":5,"9":5,"10":5,"11":5,"12":5,"13":5,"14":5,"15":5,"16":5,"17":5,"18":5},"f":{"0":5,"1":5,"2":5},"b":{}}
,"/Users/ivanalessandro/Downloads/facturacion-api/src/notas-credito/notas-credito.controller.ts": {"path":"/Users/ivanalessandro/Downloads/facturacion-api/src/notas-credito/notas-credito.controller.ts","statementMap":{"0":{"start":{"line":1,"column":0},"end":{"line":1,"column":93}},"1":{"start":{"line":2,"column":0},"end":{"line":2,"column":71}},"2":{"start":{"line":3,"column":0},"end":{"line":3,"column":78}},"3":{"start":{"line":4,"column":0},"end":{"line":4,"column":63}},"4":{"start":{"line":5,"column":0},"end":{"line":5,"column":58}},"5":{"start":{"line":6,"column":0},"end":{"line":6,"column":69}},"6":{"start":{"line":7,"column":0},"end":{"line":7,"column":62}},"7":{"start":{"line":13,"column":7},"end":{"line":33,"column":null}},"8":{"start":{"line":14,"column":31},"end":{"line":14,"column":45}},"9":{"start":{"line":19,"column":4},"end":{"line":19,"column":50}},"10":{"start":{"line":25,"column":4},"end":{"line":25,"column":38}},"11":{"start":{"line":31,"column":4},"end":{"line":31,"column":41}},"12":{"start":{"line":13,"column":13},"end":{"line":13,"column":35}},"13":{"start":{"line":18,"column":2},"end":{"line":20,"column":null}},"14":{"start":{"line":24,"column":2},"end":{"line":26,"column":null}},"15":{"start":{"line":30,"column":2},"end":{"line":32,"column":null}},"16":{"start":{"line":13,"column":13},"end":{"line":33,"column":null}}},"fnMap":{"0":{"name":"(anonymous_4)","decl":{"start":{"line":14,"column":2},"end":{"line":14,"column":31}},"loc":{"start":{"line":14,"column":64},"end":{"line":14,"column":68}}},"1":{"name":"(anonymous_5)","decl":{"start":{"line":18,"column":2},"end":{"line":18,"column":8}},"loc":{"start":{"line":18,"column":73},"end":{"line":20,"column":3}}},"2":{"name":"(anonymous_6)","decl":{"start":{"line":24,"column":2},"end":{"line":24,"column":8}},"loc":{"start":{"line":24,"column":8},"end":{"line":26,"column":3}}},"3":{"name":"(anonymous_7)","decl":{"start":{"line":30,"column":2},"end":{"line":30,"column":9}},"loc":{"start":{"line":30,"column":47},"end":{"line":32,"column":3}}}},"branchMap":{},"s":{"0":5,"1":5,"2":5,"3":5,"4":5,"5":5,"6":5,"7":5,"8":5,"9":2,"10":1,"11":1,"12":5,"13":5,"14":5,"15":5,"16":5},"f":{"0":5,"1":2,"2":1,"3":1},"b":{}}
,"/Users/ivanalessandro/Downloads/facturacion-api/src/notas-credito/notas-credito.module.ts": {"path":"/Users/ivanalessandro/Downloads/facturacion-api/src/notas-credito/notas-credito.module.ts","statementMap":{"0":{"start":{"line":1,"column":0},"end":{"line":1,"column":40}},"1":{"start":{"line":2,"column":0},"end":{"line":2,"column":48}},"2":{"start":{"line":3,"column":0},"end":{"line":3,"column":61}},"3":{"start":{"line":4,"column":0},"end":{"line":4,"column":52}},"4":{"start":{"line":5,"column":0},"end":{"line":5,"column":68}},"5":{"start":{"line":6,"column":0},"end":{"line":6,"column":62}},"6":{"start":{"line":13,"column":7},"end":{"line":13,"column":null}},"7":{"start":{"line":13,"column":13},"end":{"line":13,"column":31}},"8":{"start":{"line":13,"column":13},"end":{"line":13,"column":null}}},"fnMap":{},"branchMap":{},"s":{"0":5,"1":5,"2":5,"3":5,"4":5,"5":5,"6":5,"7":5,"8":5},"f":{},"b":{}}
,"/Users/ivanalessandro/Downloads/facturacion-api/src/notas-credito/notas-credito.service.ts": {"path":"/Users/ivanalessandro/Downloads/facturacion-api/src/notas-credito/notas-credito.service.ts","statementMap":{"0":{"start":{"line":1,"column":0},"end":{"line":1,"column":103}},"1":{"start":{"line":2,"column":0},"end":{"line":2,"column":54}},"2":{"start":{"line":3,"column":0},"end":{"line":3,"column":51}},"3":{"start":{"line":4,"column":0},"end":{"line":4,"column":49}},"4":{"start":{"line":5,"column":0},"end":{"line":5,"column":75}},"5":{"start":{"line":6,"column":0},"end":{"line":6,"column":57}},"6":{"start":{"line":7,"column":0},"end":{"line":7,"column":59}},"7":{"start":{"line":8,"column":0},"end":{"line":8,"column":63}},"8":{"start":{"line":9,"column":0},"end":{"line":9,"column":47}},"9":{"start":{"line":11,"column":0},"end":{"line":11,"column":52}},"10":{"start":{"line":14,"column":7},"end":{"line":99,"column":null}},"11":{"start":{"line":16,"column":52},"end":{"line":16,"column":63}},"12":{"start":{"line":17,"column":21},"end":{"line":17,"column":38}},"13":{"start":{"line":18,"column":21},"end":{"line":18,"column":33}},"14":{"start":{"line":19,"column":21},"end":{"line":19,"column":30}},"15":{"start":{"line":23,"column":20},"end":{"line":23,"column":69}},"16":{"start":{"line":24,"column":4},"end":{"line":26,"column":5}},"17":{"start":{"line":25,"column":6},"end":{"line":25,"column":100}},"18":{"start":{"line":27,"column":23},"end":{"line":27,"column":96}},"19":{"start":{"line":27,"column":78},"end":{"line":27,"column":91}},"20":{"start":{"line":28,"column":4},"end":{"line":32,"column":5}},"21":{"start":{"line":29,"column":6},"end":{"line":31,"column":8}},"22":{"start":{"line":36,"column":4},"end":{"line":71,"column":7}},"23":{"start":{"line":37,"column":4},"end":{"line":70,"column":5}},"24":{"start":{"line":37,"column":23},"end":{"line":37,"column":24}},"25":{"start":{"line":38,"column":6},"end":{"line":69,"column":7}},"26":{"start":{"line":39,"column":8},"end":{"line":63,"column":11}},"27":{"start":{"line":40,"column":40},"end":{"line":40,"column":70}},"28":{"start":{"line":41,"column":10},"end":{"line":43,"column":11}},"29":{"start":{"line":42,"column":12},"end":{"line":42,"column":66}},"30":{"start":{"line":44,"column":24},"end":{"line":44,"column":70}},"31":{"start":{"line":45,"column":10},"end":{"line":45,"column":73}},"32":{"start":{"line":45,"column":22},"end":{"line":45,"column":73}},"33":{"start":{"line":46,"column":10},"end":{"line":48,"column":11}},"34":{"start":{"line":47,"column":12},"end":{"line":47,"column":97}},"35":{"start":{"line":49,"column":25},"end":{"line":49,"column":52}},"36":{"start":{"line":50,"column":23},"end":{"line":58,"column":12}},"37":{"start":{"line":59,"column":27},"end":{"line":59,"column":51}},"38":{"start":{"line":60,"column":10},"end":{"line":60,"column":43}},"39":{"start":{"line":61,"column":10},"end":{"line":61,"column":36}},"40":{"start":{"line":62,"column":10},"end":{"line":62,"column":26}},"41":{"start":{"line":64,"column":8},"end":{"line":64,"column":14}},"42":{"start":{"line":66,"column":8},"end":{"line":66,"column":28}},"43":{"start":{"line":67,"column":8},"end":{"line":67,"column":64}},"44":{"start":{"line":67,"column":55},"end":{"line":67,"column":64}},"45":{"start":{"line":68,"column":8},"end":{"line":68,"column":20}},"46":{"start":{"line":72,"column":4},"end":{"line":72,"column":41}},"47":{"start":{"line":72,"column":23},"end":{"line":72,"column":41}},"48":{"start":{"line":74,"column":4},"end":{"line":82,"column":7}},"49":{"start":{"line":84,"column":4},"end":{"line":84,"column":75}},"50":{"start":{"line":85,"column":4},"end":{"line":85,"column":90}},"51":{"start":{"line":87,"column":4},"end":{"line":87,"column":24}},"52":{"start":{"line":91,"column":4},"end":{"line":91,"column":92}},"53":{"start":{"line":95,"column":17},"end":{"line":95,"column":88}},"54":{"start":{"line":96,"column":4},"end":{"line
[...]
,"/Users/ivanalessandro/Downloads/facturacion-api/src/pagos/pagos.module.ts": {"path":"/Users/ivanalessandro/Downloads/facturacion-api/src/pagos/pagos.module.ts","statementMap":{"0":{"start":{"line":1,"column":0},"end":{"line":1,"column":40}},"1":{"start":{"line":2,"column":0},"end":{"line":2,"column":48}},"2":{"start":{"line":3,"column":0},"end":{"line":3,"column":61}},"3":{"start":{"line":4,"column":0},"end":{"line":4,"column":37}},"4":{"start":{"line":5,"column":0},"end":{"line":5,"column":53}},"5":{"start":{"line":6,"column":0},"end":{"line":6,"column":47}},"6":{"start":{"line":13,"column":7},"end":{"line":13,"column":null}},"7":{"start":{"line":13,"column":13},"end":{"line":13,"column":24}},"8":{"start":{"line":13,"column":13},"end":{"line":13,"column":null}}},"fnMap":{},"branchMap":{},"s":{"0":5,"1":5,"2":5,"3":5,"4":5,"5":5,"6":5,"7":5,"8":5},"f":{},"b":{}}
,"/Users/ivanalessandro/Downloads/facturacion-api/src/pagos/pagos.service.ts": {"path":"/Users/ivanalessandro/Downloads/facturacion-api/src/pagos/pagos.service.ts","statementMap":{"0":{"start":{"line":1,"column":0},"end":{"line":1,"column":84}},"1":{"start":{"line":2,"column":0},"end":{"line":2,"column":54}},"2":{"start":{"line":3,"column":0},"end":{"line":3,"column":51}},"3":{"start":{"line":4,"column":0},"end":{"line":4,"column":37}},"4":{"start":{"line":5,"column":0},"end":{"line":5,"column":54}},"5":{"start":{"line":6,"column":0},"end":{"line":6,"column":59}},"6":{"start":{"line":7,"column":0},"end":{"line":7,"column":63}},"7":{"start":{"line":9,"column":0},"end":{"line":9,"column":37}},"8":{"start":{"line":12,"column":7},"end":{"line":59,"column":null}},"9":{"start":{"line":14,"column":45},"end":{"line":14,"column":56}},"10":{"start":{"line":15,"column":21},"end":{"line":15,"column":38}},"11":{"start":{"line":16,"column":21},"end":{"line":16,"column":30}},"12":{"start":{"line":20,"column":20},"end":{"line":20,"column":65}},"13":{"start":{"line":21,"column":4},"end":{"line":23,"column":5}},"14":{"start":{"line":22,"column":6},"end":{"line":22,"column":89}},"15":{"start":{"line":24,"column":31},"end":{"line":24,"column":74}},"16":{"start":{"line":25,"column":4},"end":{"line":27,"column":5}},"17":{"start":{"line":26,"column":6},"end":{"line":26,"column":111}},"18":{"start":{"line":29,"column":17},"end":{"line":30,"column":null}},"19":{"start":{"line":33,"column":4},"end":{"line":41,"column":7}},"20":{"start":{"line":43,"column":4},"end":{"line":43,"column":53}},"21":{"start":{"line":44,"column":4},"end":{"line":44,"column":82}},"22":{"start":{"line":46,"column":23},"end":{"line":46,"column":57}},"23":{"start":{"line":47,"column":4},"end":{"line":52,"column":6}},"24":{"start":{"line":56,"column":20},"end":{"line":56,"column":65}},"25":{"start":{"line":57,"column":4},"end":{"line":57,"column":31}},"26":{"start":{"line":12,"column":13},"end":{"line":12,"column":25}},"27":{"start":{"line":12,"column":13},"end":{"line":59,"column":null}}},"fnMap":{"0":{"name":"(anonymous_4)","decl":{"start":{"line":13,"column":2},"end":{"line":13,"column":null}},"loc":{"start":{"line":16,"column":43},"end":{"line":17,"column":6}}},"1":{"name":"(anonymous_5)","decl":{"start":{"line":19,"column":2},"end":{"line":19,"column":7}},"loc":{"start":{"line":19,"column":85},"end":{"line":53,"column":3}}},"2":{"name":"(anonymous_6)","decl":{"start":{"line":55,"column":2},"end":{"line":55,"column":7}},"loc":{"start":{"line":55,"column":32},"end":{"line":58,"column":3}}}},"branchMap":{"0":{"loc":{"start":{"line":21,"column":4},"end":{"line":23,"column":5}},"type":"if","locations":[{"start":{"line":21,"column":4},"end":{"line":23,"column":5}}]},"1":{"loc":{"start":{"line":25,"column":4},"end":{"line":27,"column":5}},"type":"if","locations":[{"start":{"line":25,"column":4},"end":{"line":27,"column":5}}]},"2":{"loc":{"start":{"line":43,"column":25},"end":{"line":43,"column":44}},"type":"binary-expr","locations":[{"start":{"line":43,"column":25},"end":{"line":43,"column":38}},{"start":{"line":43,"column":42},"end":{"line":43,"column":44}}]},"3":{"loc":{"start":{"line":57,"column":11},"end":{"line":57,"column":30}},"type":"binary-expr","locations":[{"start":{"line":57,"column":11},"end":{"line":57,"column":24}},{"start":{"line":57,"column":28},"end":{"line":57,"column":30}}]}},"s":{"0":5,"1":5,"2":5,"3":5,"4":5,"5":5,"6":5,"7":5,"8":5,"9":5,"10":5,"11":5,"12":8,"13":8,"14":1,"15":7,"16":7,"17":2,"18":5,"19":5,"20":5,"21":5,"22":5,"23":5,"24":0,"25":0,"26":5,"27":5},"f":{"0":5,"1":8,"2":0},"b":{"0":[1],"1":[2],"2":[5,0],"3":[0,0]}}
,"/Users/ivanalessandro/Downloads/facturacion-api/src/pagos/dto/create-pago.dto.ts": {"path":"/Users/ivanalessandro/Downloads/facturacion-api/src/pagos/dto/create-pago.dto.ts","statementMap":{"0":{"start":{"line":1,"column":0},"end":{"line":1,"column":67}},"1":{"start":{"line":2,"column":0},"end":{"line":2,"column":83}},"2":{"start":{"line":4,"column":0},"end":{"line":4,"column":13}},"3":{"start":{"line":8,"column":2},"end":{"line":8,"column":null}},"4":{"start":{"line":12,"column":2},"end":{"line":12,"column":null}},"5":{"start":{"line":17,"column":2},"end":{"line":17,"column":null}}},"fnMap":{},"branchMap":{},"s":{"0":5,"1":5,"2":5,"3":5,"4":5,"5":5},"f":{},"b":{}}
,"/Users/ivanalessandro/Downloads/facturacion-api/src/reportes/reportes.controller.ts": {"path":"/Users/ivanalessandro/Downloads/facturacion-api/src/reportes/reportes.controller.ts","statementMap":{"0":{"start":{"line":1,"column":0},"end":{"line":1,"column":67}},"1":{"start":{"line":2,"column":0},"end":{"line":2,"column":81}},"2":{"start":{"line":3,"column":0},"end":{"line":3,"column":63}},"3":{"start":{"line":4,"column":0},"end":{"line":4,"column":58}},"4":{"start":{"line":5,"column":0},"end":{"line":5,"column":53}},"5":{"start":{"line":11,"column":7},"end":{"line":20,"column":null}},"6":{"start":{"line":12,"column":31},"end":{"line":12,"column":48}},"7":{"start":{"line":18,"column":4},"end":{"line":18,"column":57}},"8":{"start":{"line":11,"column":13},"end":{"line":11,"column":31}},"9":{"start":{"line":17,"column":2},"end":{"line":19,"column":null}},"10":{"start":{"line":11,"column":13},"end":{"line":20,"column":null}}},"fnMap":{"0":{"name":"(anonymous_4)","decl":{"start":{"line":12,"column":2},"end":{"line":12,"column":31}},"loc":{"start":{"line":12,"column":63},"end":{"line":12,"column":67}}},"1":{"name":"(anonymous_5)","decl":{"start":{"line":17,"column":2},"end":{"line":17,"column":8}},"loc":{"start":{"line":17,"column":42},"end":{"line":19,"column":3}}}},"branchMap":{"0":{"loc":{"start":{"line":18,"column":39},"end":{"line":18,"column":55}},"type":"binary-expr","locations":[{"start":{"line":18,"column":39},"end":{"line":18,"column":46}},{"start":{"line":18,"column":50},"end":{"line":18,"column":55}}]}},"s":{"0":5,"1":5,"2":5,"3":5,"4":5,"5":5,"6":5,"7":2,"8":5,"9":5,"10":5},"f":{"0":5,"1":2},"b":{"0":[2,0]}}
,"/Users/ivanalessandro/Downloads/facturacion-api/src/reportes/reportes.module.ts": {"path":"/Users/ivanalessandro/Downloads/facturacion-api/src/reportes/reportes.module.ts","statementMap":{"0":{"start":{"line":1,"column":0},"end":{"line":1,"column":40}},"1":{"start":{"line":2,"column":0},"end":{"line":2,"column":48}},"2":{"start":{"line":3,"column":0},"end":{"line":3,"column":53}},"3":{"start":{"line":4,"column":0},"end":{"line":4,"column":59}},"4":{"start":{"line":5,"column":0},"end":{"line":5,"column":53}},"5":{"start":{"line":12,"column":7},"end":{"line":12,"column":null}},"6":{"start":{"line":12,"column":13},"end":{"line":12,"column":27}},"7":{"start":{"line":12,"column":13},"end":{"line":12,"column":null}}},"fnMap":{},"branchMap":{},"s":{"0":5,"1":5,"2":5,"3":5,"4":5,"5":5,"6":5,"7":5},"f":{},"b":{}}
,"/Users/ivanalessandro/Downloads/facturacion-api/src/reportes/reportes.service.ts": {"path":"/Users/ivanalessandro/Downloads/facturacion-api/src/reportes/reportes.service.ts","statementMap":{"0":{"start":{"line":1,"column":0},"end":{"line":1,"column":65}},"1":{"start":{"line":2,"column":0},"end":{"line":2,"column":51}},"2":{"start":{"line":3,"column":0},"end":{"line":3,"column":59}},"3":{"start":{"line":4,"column":0},"end":{"line":4,"column":54}},"4":{"start":{"line":5,"column":0},"end":{"line":5,"column":68}},"5":{"start":{"line":8,"column":7},"end":{"line":57,"column":null}},"6":{"start":{"line":9,"column":58},"end":{"line":9,"column":72}},"7":{"start":{"line":12,"column":18},"end":{"line":12,"column":28}},"8":{"start":{"line":13,"column":18},"end":{"line":13,"column":33}},"9":{"start":{"line":14,"column":4},"end":{"line":24,"column":5}},"10":{"start":{"line":15,"column":6},"end":{"line":15,"column":33}},"11":{"start":{"line":16,"column":11},"end":{"line":24,"column":5}},"12":{"start":{"line":17,"column":6},"end":{"line":17,"column":41}},"13":{"start":{"line":18,"column":6},"end":{"line":18,"column":33}},"14":{"start":{"line":19,"column":11},"end":{"line":24,"column":5}},"15":{"start":{"line":20,"column":6},"end":{"line":20,"column":23}},"16":{"start":{"line":21,"column":6},"end":{"line":21,"column":33}},"17":{"start":{"line":23,"column":6},"end":{"line":23,"column":83}},"18":{"start":{"line":26,"column":21},"end":{"line":28,"column":6}},"19":{"start":{"line":30,"column":23},"end":{"line":30,"column":152}},"20":{"start":{"line":31,"column":4},"end":{"line":46,"column":5}},"21":{"start":{"line":32,"column":20},"end":{"line":32,"column":32}},"22":{"start":{"line":33,"column":24},"end":{"line":40,"column":8}},"23":{"start":{"line":41,"column":6},"end":{"line":41,"column":38}},"24":{"start":{"line":42,"column":6},"end":{"line":42,"column":67}},"25":{"start":{"line":43,"column":6},"end":{"line":43,"column":52}},"26":{"start":{"line":44,"column":6},"end":{"line":44,"column":58}},"27":{"start":{"line":45,"column":6},"end":{"line":45,"column":39}},"28":{"start":{"line":48,"column":4},"end":{"line":55,"column":6}},"29":{"start":{"line":53,"column":52},"end":{"line":53,"column":65}},"30":{"start":{"line":54,"column":65},"end":{"line":54,"column":82}},"31":{"start":{"line":8,"column":13},"end":{"line":8,"column":28}},"32":{"start":{"line":8,"column":13},"end":{"line":57,"column":null}}},"fnMap":{"0":{"name":"(anonymous_4)","decl":{"start":{"line":9,"column":2},"end":{"line":9,"column":15}},"loc":{"start":{"line":9,"column":91},"end":{"line":9,"column":95}}},"1":{"name":"(anonymous_5)","decl":{"start":{"line":11,"column":2},"end":{"line":11,"column":7}},"loc":{"start":{"line":11,"column":30},"end":{"line":56,"column":3}}},"2":{"name":"(anonymous_6)","decl":{"start":{"line":53,"column":40},"end":{"line":53,"column":41}},"loc":{"start":{"line":53,"column":52},"end":{"line":53,"column":65}}},"3":{"name":"(anonymous_7)","decl":{"start":{"line":54,"column":55},"end":{"line":54,"column":56}},"loc":{"start":{"line":54,"column":65},"end":{"line":54,"column":82}}}},"branchMap":{"0":{"loc":{"start":{"line":14,"column":4},"end":{"line":24,"column":5}},"type":"if","locations":[{"start":{"line":14,"column":4},"end":{"line":24,"column":5}},{"start":{"line":16,"column":11},"end":{"line":24,"column":5}}]},"1":{"loc":{"start":{"line":16,"column":11},"end":{"line":24,"column":5}},"type":"if","locations":[{"start":{"line":16,"column":11},"end":{"line":24,"column":5}},{"start":{"line":19,"column":11},"end":{"line":24,"column":5}}]},"2":{"loc":{"start":{"line":19,"column":11},"end":{"line":24,"column":5}},"type":"if","locations":[{"start":{"line":19,"column":11},"end":{"line":24,"column":5}},{"start":{"line":22,"column":11},"end":{"line":24,"column":5}}]},"3":{"loc":{"start":{"line":33,"column":24},"end":{"line":40,"column":8}},"type":"binary-expr","locations":[{"start":{"line":33,"column":24},"end":{"line":33,"column":45}},{"start":{"line":33,"column":49},"end":{"line":40,"column":8}}]}},"s":{"0":5,"1":5,"2":5,"3":5,"4":5,"5":5,"6":5,"7":2,"8":2,"9":2,"10":1,"11":1,"12":0,"13":0,"14":1,"15":0,"16":0,"17":1,"18":1,"19":1,"20":1,"21":5,"22":5,"23":5,"24":5,"25":5,"26":5,"27":5,"28":1,"29":5,"30":0,"31":5,"32":5},"f":{"0":5,"1":2,"2":5,"3":0},"b":{"0":[1,1],"1":[0,1],"2":[0,1],"3":[5,1]}}
,"/Users/ivanalessandro/Downloads/facturacion-api/src/series/serie.entity.ts": {"path":"/Users/ivanalessandro/Downloads/facturacion-api/src/series/serie.entity.ts","statementMap":{"0":{"start":{"line":1,"column":0},"end":{"line":1,"column":73}},"1":{"start":{"line":5,"column":7},"end":{"line":20,"column":null}},"2":{"start":{"line":5,"column":13},"end":{"line":5,"column":18}},"3":{"start":{"line":7,"column":2},"end":{"line":7,"column":null}},"4":{"start":{"line":10,"column":2},"end":{"line":10,"column":null}},"5":{"start":{"line":13,"column":2},"end":{"line":13,"column":null}},"6":{"start":{"line":16,"column":2},"end":{"line":16,"column":null}},"7":{"start":{"line":19,"column":2},"end":{"line":19,"column":null}},"8":{"start":{"line":5,"column":13},"end":{"line":20,"column":null}}},"fnMap":{},"branchMap":{},"s":{"0":5,"1":5,"2":5,"3":5,"4":5,"5":5,"6":5,"7":5,"8":5},"f":{},"b":{}}
,"/Users/ivanalessandro/Downloads/facturacion-api/src/series/series.controller.ts": {"path":"/Users/ivanalessandro/Downloads/facturacion-api/src/series/series.controller.ts","statementMap":{"0":{"start":{"line":1,"column":0},"end":{"line":1,"column":93}},"1":{"start":{"line":2,"column":0},"end":{"line":2,"column":71}},"2":{"start":{"line":3,"column":0},"end":{"line":3,"column":61}},"3":{"start":{"line":4,"column":0},"end":{"line":4,"column":63}},"4":{"start":{"line":5,"column":0},"end":{"line":5,"column":58}},"5":{"start":{"line":6,"column":0},"end":{"line":6,"column":56}},"6":{"start":{"line":7,"column":0},"end":{"line":7,"column":49}},"7":{"start":{"line":13,"column":7},"end":{"line":34,"column":null}},"8":{"start":{"line":14,"column":31},"end":{"line":14,"column":46}},"9":{"start":{"line":20,"column":4},"end":{"line":20,"column":41}},"10":{"start":{"line":26,"column":4},"end":{"line":26,"column":39}},"11":{"start":{"line":32,"column":4},"end":{"line":32,"column":42}},"12":{"start":{"line":13,"column":13},"end":{"line":13,"column":29}},"13":{"start":{"line":19,"column":2},"end":{"line":21,"column":null}},"14":{"start":{"line":25,"column":2},"end":{"line":27,"column":null}},"15":{"start":{"line":31,"column":2},"end":{"line":33,"column":null}},"16":{"start":{"line":13,"column":13},"end":{"line":34,"column":null}}},"fnMap":{"0":{"name":"(anonymous_4)","decl":{"start":{"line":14,"column":2},"end":{"line":14,"column":31}},"loc":{"start":{"line":14,"column":59},"end":{"line":14,"column":63}}},"1":{"name":"(anonymous_5)","decl":{"start":{"line":19,"column":2},"end":{"line":19,"column":7}},"loc":{"start":{"line":19,"column":35},"end":{"line":21,"column":3}}},"2":{"name":"(anonymous_6)","decl":{"start":{"line":25,"column":2},"end":{"line":25,"column":8}},"loc":{"start":{"line":25,"column":8},"end":{"line":27,"column":3}}},"3":{"name":"(anonymous_7)","decl":{"start":{"line":31,"column":2},"end":{"line":31,"column":9}},"loc":{"start":{"line":31,"column":47},"end":{"line":33,"column":3}}}},"branchMap":{},"s":{"0":5,"1":5,"2":5,"3":5,"4":5,"5":5,"6":5,"7":5,"8":5,"9":4,"10":1,"11":2,"12":5,"13":5,"14":5,"15":5,"16":5},"f":{"0":5,"1":4,"2":1,"3":2},"b":{}}
,"/Users/ivanalessandro/Downloads/facturacion-api/src/series/series.module.ts": {"path":"/Users/ivanalessandro/Downloads/facturacion-api/src/series/series.module.ts","statementMap":{"0":{"start":{"line":1,"column":0},"end":{"line":1,"column":40}},"1":{"start":{"line":2,"column":0},"end":{"line":2,"column":48}},"2":{"start":{"line":3,"column":0},"end":{"line":3,"column":39}},"3":{"start":{"line":4,"column":0},"end":{"line":4,"column":55}},"4":{"start":{"line":5,"column":0},"end":{"line":5,"column":49}},"5":{"start":{"line":13,"column":7},"end":{"line":13,"column":null}},"6":{"start":{"line":13,"column":13},"end":{"line":13,"column":25}},"7":{"start":{"line":13,"column":13},"end":{"line":13,"column":null}}},"fnMap":{},"branchMap":{},"s":{"0":5,"1":5,"2":5,"3":5,"4":5,"5":5,"6":5,"7":5},"f":{},"b":{}}
,"/Users/ivanalessandro/Downloads/facturacion-api/src/series/series.service.ts": {"path":"/Users/ivanalessandro/Downloads/facturacion-api/src/series/series.service.ts","statementMap":{"0":{"start":{"line":1,"column":0},"end":{"line":1,"column":82}},"1":{"start":{"line":2,"column":0},"end":{"line":2,"column":51}},"2":{"start":{"line":3,"column":0},"end":{"line":3,"column":37}},"3":{"start":{"line":5,"column":0},"end":{"line":5,"column":39}},"4":{"start":{"line":8,"column":7},"end":{"line":26,"column":null}},"5":{"start":{"line":9,"column":56},"end":{"line":9,"column":68}},"6":{"start":{"line":12,"column":22},"end":{"line":12,"column":113}},"7":{"start":{"line":13,"column":4},"end":{"line":13,"column":93}},"8":{"start":{"line":13,"column":19},"end":{"line":13,"column":93}},"9":{"start":{"line":14,"column":4},"end":{"line":14,"column":61}},"10":{"start":{"line":18,"column":4},"end":{"line":18,"column":34}},"11":{"start":{"line":22,"column":18},"end":{"line":22,"column":57}},"12":{"start":{"line":23,"column":4},"end":{"line":23,"column":67}},"13":{"start":{"line":23,"column":16},"end":{"line":23,"column":67}},"14":{"start":{"line":24,"column":4},"end":{"line":24,"column":17}},"15":{"start":{"line":8,"column":13},"end":{"line":8,"column":26}},"16":{"start":{"line":8,"column":13},"end":{"line":26,"column":null}}},"fnMap":{"0":{"name":"(anonymous_4)","decl":{"start":{"line":9,"column":2},"end":{"line":9,"column":15}},"loc":{"start":{"line":9,"column":85},"end":{"line":9,"column":89}}},"1":{"name":"(anonymous_5)","decl":{"start":{"line":11,"column":2},"end":{"line":11,"column":7}},"loc":{"start":{"line":11,"column":33},"end":{"line":15,"column":3}}},"2":{"name":"(anonymous_6)","decl":{"start":{"line":17,"column":2},"end":{"line":17,"column":8}},"loc":{"start":{"line":17,"column":8},"end":{"line":19,"column":3}}},"3":{"name":"(anonymous_7)","decl":{"start":{"line":21,"column":2},"end":{"line":21,"column":7}},"loc":{"start":{"line":21,"column":26},"end":{"line":25,"column":3}}}},"branchMap":{"0":{"loc":{"start":{"line":13,"column":4},"end":{"line":13,"column":93}},"type":"if","locations":[{"start":{"line":13,"column":4},"end":{"line":13,"column":93}}]},"1":{"loc":{"start":{"line":23,"column":4},"end":{"line":23,"column":67}},"type":"if","locations":[{"start":{"line":23,"column":4},"end":{"line":23,"column":67}}]}},"s":{"0":5,"1":5,"2":5,"3":5,"4":5,"5":5,"6":8,"7":8,"8":1,"9":7,"10":1,"11":2,"12":2,"13":1,"14":1,"15":5,"16":5},"f":{"0":5,"1":8,"2":1,"3":2},"b":{"0":[1],"1":[1]}}
,"/Users/ivanalessandro/Downloads/facturacion-api/src/series/dto/create-serie.dto.ts": {"path":"/Users/ivanalessandro/Downloads/facturacion-api/src/series/dto/create-serie.dto.ts","statementMap":{"0":{"start":{"line":1,"column":0},"end":{"line":1,"column":46}},"1":{"start":{"line":2,"column":0},"end":{"line":2,"column":61}},"2":{"start":{"line":4,"column":0},"end":{"line":4,"column":13}},"3":{"start":{"line":7,"column":2},"end":{"line":7,"column":null}},"4":{"start":{"line":12,"column":2},"end":{"line":12,"column":null}}},"fnMap":{},"branchMap":{},"s":{"0":5,"1":5,"2":5,"3":5,"4":5},"f":{},"b":{}}
,"/Users/ivanalessandro/Downloads/facturacion-api/src/usuarios/usuario.entity.ts": {"path":"/Users/ivanalessandro/Downloads/facturacion-api/src/usuarios/usuario.entity.ts","statementMap":{"0":{"start":{"line":1,"column":0},"end":{"line":1,"column":65}},"1":{"start":{"line":4,"column":7},"end":{"line":19,"column":null}},"2":{"start":{"line":4,"column":13},"end":{"line":4,"column":20}},"3":{"start":{"line":6,"column":2},"end":{"line":6,"column":null}},"4":{"start":{"line":9,"column":2},"end":{"line":9,"column":null}},"5":{"start":{"line":12,"column":2},"end":{"line":12,"column":null}},"6":{"start":{"line":15,"column":2},"end":{"line":15,"column":null}},"7":{"start":{"line":18,"column":2},"end":{"line":18,"column":null}},"8":{"start":{"line":4,"column":13},"end":{"line":19,"column":null}}},"fnMap":{},"branchMap":{},"s":{"0":5,"1":5,"2":5,"3":5,"4":5,"5":5,"6":5,"7":5,"8":5},"f":{},"b":{}}
}
