TN:
SF:src/app.module.ts
FNF:0
FNH:0
DA:1,5
DA:2,5
DA:3,5
DA:4,5
DA:5,5
DA:6,5
DA:7,5
DA:8,5
DA:9,5
DA:10,5
DA:11,5
DA:12,5
DA:13,5
DA:14,5
DA:32,5
LF:15
LH:15
BRF:0
BRH:0
end_of_record
TN:
SF:src/auth/auth.controller.ts
FN:10,(anonymous_4)
FN:14,(anonymous_5)
FN:21,(anonymous_6)
FNF:3
FNH:3
FNDA:5,(anonymous_4)
FNDA:3,(anonymous_5)
FNDA:4,(anonymous_6)
DA:1,5
DA:2,5
DA:3,5
DA:4,5
DA:5,5
DA:9,5
DA:10,5
DA:14,5
DA:15,3
DA:21,5
DA:22,4
LF:11
LH:11
BRF:0
BRH:0
end_of_record
TN:
SF:src/auth/auth.module.ts
FNF:0
FNH:0
DA:1,5
DA:2,5
DA:3,5
DA:4,5
DA:5,5
DA:6,5
DA:20,5
LF:7
LH:7
BRDA:13,0,0,5
BRDA:13,0,1,0
BRF:2
BRH:1
end_of_record
TN:
SF:src/auth/auth.service.ts
FN:12,(anonymous_13)
FN:17,(anonymous_14)
FN:32,(anonymous_15)
FNF:3
FNH:3
FNDA:5,(anonymous_13)
FNDA:6,(anonymous_14)
FNDA:7,(anonymous_15)
DA:1,5
DA:2,5
DA:3,5
DA:4,5
DA:5,5
DA:6,5
DA:11,5
DA:13,5
DA:14,5
DA:18,6
DA:19,6
DA:21,5
DA:22,5
DA:28,5
DA:29,5
DA:33,7
DA:34,7
DA:35,3
DA:37,4
DA:38,4
LF:20
LH:20
BRDA:19,0,0,1
BRDA:26,1,0,3
BRDA:26,1,1,2
BRDA:34,2,0,3
BRDA:34,3,0,7
BRDA:34,3,1,6
BRF:6
BRH:6
end_of_record
TN:
SF:src/auth/dto/login.dto.ts
FNF:0
FNH:0
DA:1,5
DA:2,5
DA:4,5
DA:7,5
DA:11,5
LF:5
LH:5
BRF:0
BRH:0
end_of_record
TN:
SF:src/auth/dto/register.dto.ts
FNF:0
FNH:0
DA:1,5
DA:2,5
DA:4,5
DA:7,5
DA:12,5
DA:17,5
LF:6
LH:6
BRF:0
BRH:0
end_of_record
TN:
SF:src/bitacora/bitacora.controller.ts
FN:15,(anonymous_4)
FN:21,(anonymous_5)
FNF:2
FNH:2
FNDA:5,(anonymous_4)
FNDA:1,(anonymous_5)
DA:1,5
DA:2,5
DA:3,5
DA:4,5
DA:5,5
DA:6,5
DA:7,5
DA:8,5
DA:14,5
DA:15,5
DA:21,5
DA:22,1
LF:12
LH:12
BRDA:22,0,0,1
BRDA:22,0,1,0
BRF:2
BRH:1
end_of_record
TN:
SF:src/bitacora/bitacora.entity.ts
FNF:0
FNH:0
DA:1,5
DA:4,5
DA:6,5
DA:9,5
DA:12,5
DA:15,5
DA:18,5
DA:21,5
DA:24,5
DA:27,5
DA:30,5
LF:11
LH:11
BRF:0
BRH:0
end_of_record
TN:
SF:src/bitacora/bitacora.listener.ts
FN:19,(anonymous_4)
FN:22,(anonymous_5)
FNF:2
FNH:2
FNDA:5,(anonymous_4)
FNDA:30,(anonymous_5)
DA:1,5
DA:2,5
DA:3,5
DA:4,5
DA:5,5
DA:18,5
DA:19,5
DA:22,5
DA:23,30
LF:9
LH:9
BRF:0
BRH:0
end_of_record
TN:
SF:src/bitacora/bitacora.module.ts
FNF:0
FNH:0
DA:1,5
DA:2,5
DA:3,5
DA:4,5
DA:5,5
DA:12,5
LF:6
LH:6
BRF:0
BRH:0
end_of_record
TN:
SF:src/clientes/cliente.entity.ts
FN:30,(anonymous_2)
FN:30,(anonymous_3)
FNF:2
FNH:2
FNDA:5,(anonymous_2)
FNDA:5,(anonymous_3)
DA:1,5
DA:2,5
DA:5,5
DA:7,5
DA:10,5
DA:13,5
DA:16,5
DA:19,5
DA:22,5
DA:25,5
DA:28,5
DA:30,5
DA:31,5
LF:13
LH:13
BRF:0
BRH:0
end_of_record
TN:
SF:src/clientes/clientes.controller.ts
FN:15,(anonymous_4)
FN:19,(anonymous_5)
FN:25,(anonymous_6)
FN:31,(anonymous_7)
FN:37,(anonymous_8)
FN:44,(anonymous_9)
FNF:6
FNH:6
FNDA:5,(anonymous_4)
FNDA:5,(anonymous_5)
FNDA:2,(anonymous_6)
FNDA:2,(anonymous_7)
FNDA:2,(anonymous_8)
FNDA:1,(anonymous_9)
DA:1,5
DA:2,5
DA:3,5
DA:4,5
DA:5,5
DA:6,5
DA:7,5
DA:8,5
DA:14,5
DA:15,5
DA:19,5
DA:20,5
DA:25,5
DA:26,2
DA:31,5
DA:32,2
DA:37,5
DA:38,2
DA:44,5
DA:45,1
LF:20
LH:20
BRF:0
BRH:0
end_of_record
TN:
SF:src/clientes/clientes.module.ts
FNF:0
FNH:0
DA:1,5
DA:2,5
DA:3,5
DA:4,5
DA:5,5
DA:13,5
LF:6
LH:6
BRF:0
BRH:0
end_of_record
TN:
SF:src/clientes/clientes.service.ts
FN:10,(anonymous_4)
FN:12,(anonymous_5)
FN:18,(anonymous_6)
FN:22,(anonymous_7)
FN:28,(anonymous_8)
FN:38,(anonymous_9)
FNF:6
FNH:6
FNDA:5,(anonymous_4)
FNDA:7,(anonymous_5)
FNDA:2,(anonymous_6)
FNDA:5,(anonymous_7)
FNDA:2,(anonymous_8)
FNDA:1,(anonymous_9)
DA:1,5
DA:2,5
DA:3,5
DA:4,5
DA:9,5
DA:10,5
DA:13,7
DA:14,7
DA:15,6
DA:19,2
DA:23,5
DA:24,5
DA:25,4
DA:29,2
DA:30,2
DA:31,1
DA:32,1
DA:34,1
DA:35,1
DA:39,1
DA:40,1
DA:41,1
DA:42,1
LF:23
LH:23
BRDA:14,0,0,1
BRDA:24,1,0,1
BRDA:30,2,0,1
BRDA:30,3,0,2
BRDA:30,3,1,1
BRDA:32,4,0,1
BRF:6
BRH:6
end_of_record
TN:
SF:src/clientes/dto/create-cliente.dto.ts
FNF:0
FNH:0
DA:1,5
DA:2,5
DA:4,5
DA:8,5
DA:12,5
DA:17,5
DA:22,5
DA:27,5
DA:32,5
LF:9
LH:9
BRF:0
BRH:0
end_of_record
TN:
SF:src/clientes/dto/update-cliente.dto.ts
FNF:0
FNH:0
DA:1,5
DA:2,5
DA:4,5
LF:3
LH:3
BRF:0
BRH:0
end_of_record
TN:
SF:src/common/decorators/roles.decorator.ts
FN:4,(anonymous_0)
FNF:1
FNH:1
FNDA:20,(anonymous_0)
DA:1,5
DA:3,5
DA:4,20
LF:3
LH:3
BRF:0
BRH:0
end_of_record
TN:
SF:src/common/decorators/usuario-actual.decorator.ts
FN:3,(anonymous_0)
FNF:1
FNH:1
FNDA:14,(anonymous_0)
DA:1,5
DA:3,5
DA:4,14
LF:3
LH:3
BRF:0
BRH:0
end_of_record
TN:
SF:src/common/guards/jwt-auth.guard.ts
FN:6,(anonymous_2)
FN:8,(anonymous_3)
FNF:2
FNH:2
FNDA:40,(anonymous_2)
FNDA:47,(anonymous_3)
DA:1,5
DA:2,5
DA:5,5
DA:6,40
DA:9,47
DA:10,47
DA:11,47
DA:12,1
DA:14,46
DA:15,46
DA:16,45
DA:18,1
LF:12
LH:12
BRDA:10,0,0,47
BRDA:10,0,1,1
BRDA:11,1,0,1
BRF:3
BRH:3
end_of_record
TN:
SF:src/common/guards/roles.guard.ts
FN:7,(anonymous_2)
FN:9,(anonymous_3)
FNF:2
FNH:2
FNDA:40,(anonymous_2)
FNDA:45,(anonymous_3)
DA:1,5
DA:2,5
DA:3,5
DA:6,5
DA:7,40
DA:10,45
DA:14,45
DA:15,10
DA:16,10
DA:17,1
DA:19,9
LF:11
LH:11
BRDA:14,0,0,35
BRDA:14,1,0,45
BRDA:14,1,1,10
BRDA:16,2,0,1
BRDA:16,3,0,10
BRDA:16,3,1,10
BRF:6
BRH:6
end_of_record
TN:
SF:src/common/utils/decimal.util.ts
FN:3,round2
FN:8,(anonymous_1)
FN:9,(anonymous_2)
FN:12,esViolacionUnicidad
FNF:4
FNH:4
FNDA:184,round2
FNDA:281,(anonymous_1)
FNDA:449,(anonymous_2)
FNDA:1,esViolacionUnicidad
DA:1,5
DA:3,5
DA:4,184
DA:7,5
DA:8,281
DA:9,449
DA:12,5
DA:13,1
DA:14,1
LF:9
LH:9
BRDA:9,0,0,40
BRDA:9,0,1,409
BRDA:13,1,0,1
BRDA:13,1,1,0
BRDA:15,2,0,1
BRDA:15,2,1,1
BRDA:15,2,2,1
BRDA:15,2,3,1
BRF:8
BRH:7
end_of_record
TN:
SF:src/common/utils/mutex.util.ts
FN:1,(anonymous_0)
FN:4,(anonymous_1)
FN:7,(anonymous_2)
FNF:3
FNH:3
FNDA:5,(anonymous_0)
FNDA:17,(anonymous_1)
FNDA:1,(anonymous_2)
DA:1,5
DA:2,5
DA:5,17
DA:6,17
DA:7,17
DA:8,17
DA:12,5
LF:7
LH:7
BRDA:5,0,0,17
BRDA:5,0,1,6
BRF:2
BRH:2
end_of_record
TN:
SF:src/conciliacion/conciliacion.controller.ts
FN:12,(anonymous_2)
FN:16,(anonymous_3)
FNF:2
FNH:2
FNDA:5,(anonymous_2)
FNDA:1,(anonymous_3)
DA:1,5
DA:2,5
DA:3,5
DA:4,5
DA:5,5
DA:11,5
DA:12,5
DA:16,5
DA:17,1
LF:9
LH:9
BRF:0
BRH:0
end_of_record
TN:
SF:src/conciliacion/conciliacion.module.ts
FNF:0
FNH:0
DA:1,5
DA:2,5
DA:3,5
DA:4,5
DA:5,5
DA:6,5
DA:13,5
LF:7
LH:7
BRF:0
BRH:0
end_of_record
TN:
SF:src/conciliacion/conciliacion.service.ts
FN:10,(anonymous_4)
FN:15,(anonymous_5)
FN:22,(anonymous_6)
FN:36,(anonymous_7)
FN:37,(anonymous_8)
FN:38,(anonymous_9)
FN:39,(anonymous_10)
FN:47,(anonymous_11)
FNF:8
FNH:8
FNDA:5,(anonymous_4)
FNDA:1,(anonymous_5)
FNDA:5,(anonymous_6)
FNDA:5,(anonymous_7)
FNDA:5,(anonymous_8)
FNDA:4,(anonymous_9)
FNDA:4,(anonymous_10)
FNDA:4,(anonymous_11)
DA:1,5
DA:2,5
DA:3,5
DA:4,5
DA:5,5
DA:6,5
DA:9,5
DA:11,5
DA:12,5
DA:16,1
DA:20,1
DA:22,1
DA:23,5
DA:24,5
DA:35,1
DA:36,5
DA:37,5
DA:38,4
DA:39,4
DA:41,1
DA:47,4
LF:21
LH:21
BRF:0
BRH:0
end_of_record
TN:
SF:src/database/database.config.ts
FN:3,buildDbConfig
FNF:1
FNH:1
FNDA:5,buildDbConfig
DA:3,5
DA:4,5
DA:5,0
DA:16,5
DA:17,5
LF:5
LH:4
BRDA:4,0,0,0
BRDA:7,1,0,0
BRDA:7,1,1,0
BRDA:8,2,0,0
BRDA:8,2,1,0
BRDA:9,3,0,0
BRDA:9,3,1,0
BRDA:10,4,0,0
BRDA:10,4,1,0
BRDA:11,5,0,0
BRDA:11,5,1,0
BRDA:19,6,0,5
BRDA:19,6,1,0
BRDA:19,7,0,0
BRDA:19,7,1,0
BRF:15
BRH:1
end_of_record
TN:
SF:src/facturas/factura.entity.ts
FN:11,(anonymous_2)
FN:24,(anonymous_3)
FN:33,(anonymous_4)
FN:33,(anonymous_5)
FN:57,(anonymous_6)
FN:57,(anonymous_7)
FN:60,(anonymous_8)
FN:60,(anonymous_9)
FN:63,(anonymous_10)
FN:63,(anonymous_11)
FNF:10
FNH:10
FNDA:5,(anonymous_2)
FNDA:5,(anonymous_3)
FNDA:5,(anonymous_4)
FNDA:5,(anonymous_5)
FNDA:5,(anonymous_6)
FNDA:5,(anonymous_7)
FNDA:5,(anonymous_8)
FNDA:5,(anonymous_9)
FNDA:5,(anonymous_10)
FNDA:5,(anonymous_11)
DA:1,5
DA:4,5
DA:5,5
DA:6,5
DA:7,5
DA:8,5
DA:9,5
DA:11,5
DA:12,5
DA:13,5
DA:14,5
DA:15,5
DA:20,5
DA:22,5
DA:24,5
DA:25,5
DA:28,5
DA:31,5
DA:33,5
DA:34,5
DA:37,5
DA:40,5
DA:43,5
DA:46,5
DA:49,5
DA:52,5
DA:55,5
DA:57,5
DA:58,5
DA:60,5
DA:61,5
DA:63,5
DA:64,5
LF:33
LH:33
BRDA:11,0,0,5
BRDA:11,0,1,5
BRF:2
BRH:2
end_of_record
TN:
SF:src/facturas/facturas.controller.ts
FN:16,(anonymous_4)
FN:20,(anonymous_5)
FN:26,(anonymous_6)
FN:32,(anonymous_7)
FN:38,(anonymous_8)
FN:45,(anonymous_9)
FNF:6
FNH:6
FNDA:5,(anonymous_4)
FNDA:6,(anonymous_5)
FNDA:1,(anonymous_6)
FNDA:1,(anonymous_7)
FNDA:1,(anonymous_8)
FNDA:2,(anonymous_9)
DA:1,5
DA:2,5
DA:3,5
DA:4,5
DA:5,5
DA:6,5
DA:7,5
DA:8,5
DA:9,5
DA:15,5
DA:16,5
DA:20,5
DA:21,6
DA:26,5
DA:27,1
DA:32,5
DA:33,1
DA:38,5
DA:39,1
DA:45,5
DA:46,2
LF:21
LH:21
BRF:0
BRH:0
end_of_record
TN:
SF:src/facturas/facturas.module.ts
FNF:0
FNH:0
DA:1,5
DA:2,5
DA:3,5
DA:4,5
DA:5,5
DA:6,5
DA:7,5
DA:8,5
DA:16,5
LF:9
LH:9
BRF:0
BRH:0
end_of_record
TN:
SF:src/facturas/facturas.service.ts
FN:17,(anonymous_4)
FN:24,(anonymous_5)
FN:31,(anonymous_6)
FN:34,(anonymous_7)
FN:46,(anonymous_8)
FN:59,(anonymous_9)
FN:60,(anonymous_10)
FN:106,(anonymous_11)
FN:110,(anonymous_12)
FN:119,(anonymous_13)
FN:120,(anonymous_14)
FN:121,(anonymous_15)
FN:126,(anonymous_16)
FN:131,(anonymous_17)
FN:156,(anonymous_18)
FNF:15
FNH:15
FNDA:5,(anonymous_4)
FNDA:15,(anonymous_5)
FNDA:14,(anonymous_6)
FNDA:14,(anonymous_7)
FNDA:14,(anonymous_8)
FNDA:14,(anonymous_9)
FNDA:14,(anonymous_10)
FNDA:1,(anonymous_11)
FNDA:24,(anonymous_12)
FNDA:23,(anonymous_13)
FNDA:14,(anonymous_14)
FNDA:11,(anonymous_15)
FNDA:3,(anonymous_16)
FNDA:6,(anonymous_17)
FNDA:8,(anonymous_18)
DA:1,5
DA:4,5
DA:5,5
DA:6,5
DA:7,5
DA:8,5
DA:9,5
DA:10,5
DA:12,5
DA:13,5
DA:16,5
DA:18,5
DA:19,5
DA:20,5
DA:21,5
DA:25,15
DA:26,15
DA:31,14
DA:32,14
DA:33,14
DA:34,14
DA:35,14
DA:36,14
DA:37,0
DA:39,14
DA:40,14
DA:41,14
DA:42,1
DA:45,13
DA:46,13
DA:47,14
DA:48,14
DA:49,14
DA:59,14
DA:60,14
DA:61,13
DA:63,13
DA:64,13
DA:66,13
DA:78,13
DA:80,13
DA:81,13
DA:82,13
DA:84,13
DA:86,1
DA:87,1
DA:88,1
DA:92,13
DA:94,13
DA:103,13
DA:107,1
DA:111,24
DA:115,24
DA:116,23
DA:120,23
DA:121,23
DA:122,23
DA:123,23
DA:127,3
DA:128,3
DA:132,6
DA:133,6
DA:134,1
DA:136,5
DA:137,2
DA:139,3
DA:140,3
DA:141,3
DA:142,3
DA:144,3
DA:153,3
DA:157,8
DA:158,8
DA:159,8
DA:160,5
DA:161,1
DA:163,8
DA:164,6
DA:165,6
DA:166,6
DA:167,6
DA:177,8
LF:82
LH:81
BRDA:26,0,0,1
BRDA:36,1,0,0
BRDA:40,2,0,0
BRDA:41,3,0,1
BRDA:64,4,0,13
BRDA:64,4,1,12
BRDA:87,5,0,0
BRDA:87,6,0,1
BRDA:87,6,1,1
BRDA:92,7,0,0
BRDA:115,8,0,1
BRDA:120,9,0,23
BRDA:120,9,1,0
BRDA:121,10,0,23
BRDA:121,10,1,0
BRDA:133,11,0,1
BRDA:136,12,0,2
BRDA:136,13,0,5
BRDA:136,13,1,0
BRDA:156,14,0,0
BRDA:159,15,0,3
BRDA:159,15,1,5
BRDA:160,16,0,4
BRDA:160,16,1,1
BRDA:163,17,0,6
BRF:25
BRH:17
end_of_record
TN:
SF:src/facturas/linea-factura.entity.ts
FN:10,(anonymous_2)
FN:10,(anonymous_3)
FNF:2
FNH:2
FNDA:5,(anonymous_2)
FNDA:5,(anonymous_3)
DA:1,5
DA:2,5
DA:3,5
DA:6,5
DA:8,5
DA:10,5
DA:11,5
DA:14,5
DA:17,5
DA:20,5
DA:23,5
DA:26,5
DA:29,5
LF:13
LH:13
BRF:0
BRH:0
end_of_record
TN:
SF:src/facturas/dto/anular-factura.dto.ts
FNF:0
FNH:0
DA:1,5
DA:2,5
DA:4,5
DA:9,5
LF:4
LH:4
BRF:0
BRH:0
end_of_record
TN:
SF:src/facturas/dto/create-factura.dto.ts
FN:43,(anonymous_2)
FNF:1
FNH:1
FNDA:6,(anonymous_2)
DA:1,5
DA:2,5
DA:3,5
DA:7,5
DA:11,5
DA:16,5
DA:21,5
DA:24,5
DA:27,5
DA:31,5
DA:37,5
DA:43,6
DA:44,5
LF:13
LH:13
BRF:0
BRH:0
end_of_record
TN:
SF:src/notas-credito/nota-credito.entity.ts
FN:12,(anonymous_2)
FN:21,(anonymous_3)
FN:21,(anonymous_4)
FNF:3
FNH:3
FNDA:5,(anonymous_2)
FNDA:5,(anonymous_3)
FNDA:5,(anonymous_4)
DA:1,5
DA:2,5
DA:3,5
DA:4,5
DA:8,5
DA:10,5
DA:12,5
DA:13,5
DA:16,5
DA:19,5
DA:21,5
DA:22,5
DA:25,5
DA:28,5
DA:31,5
DA:34,5
LF:16
LH:16
BRF:0
BRH:0
end_of_record
TN:
SF:src/notas-credito/notas-credito.controller.ts
FN:14,(anonymous_4)
FN:18,(anonymous_5)
FN:24,(anonymous_6)
FN:30,(anonymous_7)
FNF:4
FNH:4
FNDA:5,(anonymous_4)
FNDA:2,(anonymous_5)
FNDA:1,(anonymous_6)
FNDA:1,(anonymous_7)
DA:1,5
DA:2,5
DA:3,5
DA:4,5
DA:5,5
DA:6,5
DA:7,5
DA:13,5
DA:14,5
DA:18,5
DA:19,2
DA:24,5
DA:25,1
DA:30,5
DA:31,1
LF:15
LH:15
BRF:0
BRH:0
end_of_record
TN:
SF:src/notas-credito/notas-credito.module.ts
FNF:0
FNH:0
DA:1,5
DA:2,5
DA:3,5
DA:4,5
DA:5,5
DA:6,5
DA:13,5
LF:7
LH:7
BRF:0
BRH:0
end_of_record
TN:
SF:src/notas-credito/notas-credito.service.ts
FN:15,(anonymous_4)
FN:22,(anonymous_5)
FN:27,(anonymous_6)
FN:36,(anonymous_7)
FN:39,(anonymous_8)
FN:90,(anonymous_9)
FN:94,(anonymous_10)
FNF:7
FNH:7
FNDA:5,(anonymous_4)
FNDA:6,(anonymous_5)
FNDA:2,(anonymous_6)
FNDA:3,(anonymous_7)
FNDA:3,(anonymous_8)
FNDA:1,(anonymous_9)
FNDA:1,(anonymous_10)
DA:1,5
DA:2,5
DA:3,5
DA:4,5
DA:5,5
DA:6,5
DA:7,5
DA:8,5
DA:9,5
DA:11,5
DA:14,5
DA:16,5
DA:17,5
DA:18,5
DA:19,5
DA:23,6
DA:24,6
DA:25,0
DA:27,6
DA:28,6
DA:29,3
DA:36,3
DA:37,3
DA:38,3
DA:39,3
DA:40,3
DA:41,3
DA:42,0
DA:44,3
DA:45,3
DA:46,3
DA:47,0
DA:49,3
DA:50,3
DA:59,3
DA:60,3
DA:61,3
DA:62,3
DA:64,3
DA:66,0
DA:67,0
DA:68,0
DA:72,3
DA:74,3
DA:84,3
DA:85,3
DA:87,3
DA:91,1
DA:95,1
DA:96,1
DA:97,0
LF:51
LH:44
BRDA:24,0,0,0
BRDA:27,1,0,6
BRDA:27,1,1,0
BRDA:28,2,0,3
BRDA:41,3,0,0
BRDA:45,4,0,0
BRDA:46,5,0,0
BRDA:67,6,0,0
BRDA:67,7,0,0
BRDA:67,7,1,0
BRDA:72,8,0,0
BRDA:84,9,0,3
BRDA:84,9,1,0
BRDA:96,10,0,1
BRF:14
BRH:4
end_of_record
TN:
SF:src/notas-credito/dto/create-nota-credito.dto.ts
FNF:0
FNH:0
DA:1,5
DA:2,5
DA:4,5
DA:7,5
DA:11,5
DA:16,5
DA:22,5
LF:7
LH:7
BRF:0
BRH:0
end_of_record
TN:
SF:src/pagos/pago.entity.ts
FN:10,(anonymous_2)
FN:10,(anonymous_3)
FNF:2
FNH:2
FNDA:5,(anonymous_2)
FNDA:5,(anonymous_3)
DA:1,5
DA:2,5
DA:3,5
DA:6,5
DA:8,5
DA:10,5
DA:11,5
DA:14,5
DA:17,5
DA:20,5
DA:23,5
DA:26,5
LF:12
LH:12
BRF:0
BRH:0
end_of_record
TN:
SF:src/pagos/pagos.controller.ts
FN:14,(anonymous_4)
FN:18,(anonymous_5)
FN:28,(anonymous_6)
FNF:3
FNH:2
FNDA:5,(anonymous_4)
FNDA:3,(anonymous_5)
FNDA:0,(anonymous_6)
DA:1,5
DA:2,5
DA:3,5
DA:4,5
DA:5,5
DA:6,5
DA:7,5
DA:13,5
DA:14,5
DA:18,5
DA:23,3
DA:28,5
DA:29,0
LF:13
LH:12
BRF:0
BRH:0
end_of_record
TN:
SF:src/pagos/pagos.module.ts
FNF:0
FNH:0
DA:1,5
DA:2,5
DA:3,5
DA:4,5
DA:5,5
DA:6,5
DA:13,5
LF:7
LH:7
BRF:0
BRH:0
end_of_record
TN:
SF:src/pagos/pagos.service.ts
FN:13,(anonymous_4)
FN:19,(anonymous_5)
FN:55,(anonymous_6)
FNF:3
FNH:2
FNDA:5,(anonymous_4)
FNDA:8,(anonymous_5)
FNDA:0,(anonymous_6)
DA:1,5
DA:2,5
DA:3,5
DA:4,5
DA:5,5
DA:6,5
DA:7,5
DA:9,5
DA:12,5
DA:14,5
DA:15,5
DA:16,5
DA:20,8
DA:21,8
DA:22,1
DA:24,7
DA:25,7
DA:26,2
DA:29,5
DA:33,5
DA:43,5
DA:44,5
DA:46,5
DA:47,5
DA:56,0
DA:57,0
LF:26
LH:24
BRDA:21,0,0,1
BRDA:25,1,0,2
BRDA:43,2,0,5
BRDA:43,2,1,0
BRDA:57,3,0,0
BRDA:57,3,1,0
BRF:6
BRH:3
end_of_record
TN:
SF:src/pagos/dto/create-pago.dto.ts
FNF:0
FNH:0
DA:1,5
DA:2,5
DA:4,5
DA:8,5
DA:12,5
DA:17,5
LF:6
LH:6
BRF:0
BRH:0
end_of_record
TN:
SF:src/reportes/reportes.controller.ts
FN:12,(anonymous_4)
FN:17,(anonymous_5)
FNF:2
FNH:2
FNDA:5,(anonymous_4)
FNDA:2,(anonymous_5)
DA:1,5
DA:2,5
DA:3,5
DA:4,5
DA:5,5
DA:11,5
DA:12,5
DA:17,5
DA:18,2
LF:9
LH:9
BRDA:18,0,0,2
BRDA:18,0,1,0
BRF:2
BRH:1
end_of_record
TN:
SF:src/reportes/reportes.module.ts
FNF:0
FNH:0
DA:1,5
DA:2,5
DA:3,5
DA:4,5
DA:5,5
DA:12,5
LF:6
LH:6
BRF:0
BRH:0
end_of_record
TN:
SF:src/reportes/reportes.service.ts
FN:9,(anonymous_4)
FN:11,(anonymous_5)
FN:53,(anonymous_6)
FN:54,(anonymous_7)
FNF:4
FNH:3
FNDA:5,(anonymous_4)
FNDA:2,(anonymous_5)
FNDA:5,(anonymous_6)
FNDA:0,(anonymous_7)
DA:1,5
DA:2,5
DA:3,5
DA:4,5
DA:5,5
DA:8,5
DA:9,5
DA:12,2
DA:13,2
DA:14,2
DA:15,1
DA:16,1
DA:17,0
DA:18,0
DA:19,1
DA:20,0
DA:21,0
DA:23,1
DA:26,1
DA:30,1
DA:31,1
DA:32,5
DA:33,5
DA:41,5
DA:42,5
DA:43,5
DA:44,5
DA:45,5
DA:48,1
DA:53,5
DA:54,0
LF:31
LH:26
BRDA:14,0,0,1
BRDA:14,0,1,1
BRDA:16,1,0,0
BRDA:16,1,1,1
BRDA:19,2,0,0
BRDA:19,2,1,1
BRDA:33,3,0,5
BRDA:33,3,1,1
BRF:8
BRH:6
end_of_record
TN:
SF:src/series/serie.entity.ts
FNF:0
FNH:0
DA:1,5
DA:5,5
DA:7,5
DA:10,5
DA:13,5
DA:16,5
DA:19,5
LF:7
LH:7
BRF:0
BRH:0
end_of_record
TN:
SF:src/series/series.controller.ts
FN:14,(anonymous_4)
FN:19,(anonymous_5)
FN:25,(anonymous_6)
FN:31,(anonymous_7)
FNF:4
FNH:4
FNDA:5,(anonymous_4)
FNDA:4,(anonymous_5)
FNDA:1,(anonymous_6)
FNDA:2,(anonymous_7)
DA:1,5
DA:2,5
DA:3,5
DA:4,5
DA:5,5
DA:6,5
DA:7,5
DA:13,5
DA:14,5
DA:19,5
DA:20,4
DA:25,5
DA:26,1
DA:31,5
DA:32,2
LF:15
LH:15
BRF:0
BRH:0
end_of_record
TN:
SF:src/series/series.module.ts
FNF:0
FNH:0
DA:1,5
DA:2,5
DA:3,5
DA:4,5
DA:5,5
DA:13,5
LF:6
LH:6
BRF:0
BRH:0
end_of_record
TN:
SF:src/series/series.service.ts
FN:9,(anonymous_4)
FN:11,(anonymous_5)
FN:17,(anonymous_6)
FN:21,(anonymous_7)
FNF:4
FNH:4
FNDA:5,(anonymous_4)
FNDA:8,(anonymous_5)
FNDA:1,(anonymous_6)
FNDA:2,(anonymous_7)
DA:1,5
DA:2,5
DA:3,5
DA:5,5
DA:8,5
DA:9,5
DA:12,8
DA:13,8
DA:14,7
DA:18,1
DA:22,2
DA:23,2
DA:24,1
LF:13
LH:13
BRDA:13,0,0,1
BRDA:23,1,0,1
BRF:2
BRH:2
end_of_record
TN:
SF:src/series/dto/create-serie.dto.ts
FNF:0
FNH:0
DA:1,5
DA:2,5
DA:4,5
DA:7,5
DA:12,5
LF:5
LH:5
BRF:0
BRH:0
end_of_record
TN:
SF:src/usuarios/usuario.entity.ts
FNF:0
FNH:0
DA:1,5
DA:4,5
DA:6,5
DA:9,5
DA:12,5
DA:15,5
DA:18,5
LF:7
LH:7
BRF:0
BRH:0
end_of_record
